This file contains any messages produced by compilers while
running configure, to aid debugging if configure makes a mistake.

It was created by smartmontools configure 6.3, which was
generated by GNU Autoconf 2.69.  Invocation command line was

  $ ./configure --host=arm-linux --build=x86_64-suse-linux --prefix=/usr

## --------- ##
## Platform. ##
## --------- ##

hostname = uni.ver.se
uname -m = x86_64
uname -r = 3.16.7-7-desktop
uname -s = Linux
uname -v = #1 SMP PREEMPT Wed Dec 17 18:00:44 UTC 2014 (762f27a)

/usr/bin/uname -p = x86_64
/bin/uname -X     = unknown

/bin/arch              = x86_64
/usr/bin/arch -k       = unknown
/usr/convex/getsysinfo = unknown
/usr/bin/hostinfo      = unknown
/bin/machine           = unknown
/usr/bin/oslevel       = unknown
/bin/universe          = unknown

PATH: /home/tomato-arm/release/tools
PATH: /home/tomato-arm/release/tools
PATH: /home/tomato-arm/release/tools
PATH: /home/tomato-arm/release/tools
PATH: /home/nikk/bin
PATH: /usr/local/bin
PATH: /usr/bin
PATH: /bin
PATH: /usr/bin/X11
PATH: /usr/games
PATH: /opt/hndtools-arm-linux-2.6.36-uclibc-4.5.3/bin


## ----------- ##
## Core tests. ##
## ----------- ##

configure:2319: loading site script /usr/share/site/x86_64-unknown-linux-gnu
| #!/bin/sh
| # Site script for configure. It is resourced via $CONFIG_SITE environment varaible.
| 
| # If user did not specify libdir, guess the correct target:
| # Use lib64 for 64 bit bi-arch targets, keep the default for the rest.
| if test "$libdir" = '${exec_prefix}/lib' ; then
| 
| 	ac_config_site_64bit_host=NONE
| 
| 	case "$host" in
| 	"" )
| 		# User did not specify host target.
| 		# The native platform x86_64 is a bi-arch platform.
| 		# Try to detect cross-compilation to inferior architecture.
| 
| 		# We are trying to guess 32-bit target compilation. It's not as easy as
| 		# it sounds, as there is possible several intermediate combinations.
| 		ac_config_site_cross_to_32bit_host=NONE
| 
| 		# User defined -m32 in CFLAGS or CXXFLAGS:
| 		# (It's sufficient for 32-bit, but alone may cause mis-behavior of some checks.)
| 		case "$CFLAGS" in
| 		*-m32*)
| 			ac_config_site_cross_to_32bit_host=YES
| 			;;
| 		esac
| 		case "$CXXFLAGS" in
| 		*-m32*)
| 			ac_config_site_cross_to_32bit_host=YES
| 			;;
| 		esac
| 
| 		# Running with linux32:
| 		# (Changes detected platform, but not the toolchain target.)
| 		case "`/bin/uname -i`" in
| 		x86_64 | ppc64 | s390x )
| 			;;
| 		* )
| 			ac_config_site_cross_to_32bit_host=YES
| 			;;
| 		esac
| 
| 		if test "x$ac_config_site_cross_to_32bit_host" = xNONE; then
| 			ac_config_site_64bit_host=YES
| 		fi
| 
| 		;;
| 	*x86_64* | *ppc64* | *s390x* )
| 		ac_config_site_64bit_host=YES
| 		;;
| 	esac
| 
| 	if test "x$ac_config_site_64bit_host" = xYES; then
| 		libdir='${exec_prefix}/lib64'
| 	fi
| fi
| 
| # If user did not specify libexecdir, set the correct target:
| # Nor FHS nor openSUSE allow prefix/libexec. Let's default to prefix/lib.
| 
| if test "$libexecdir" = '${exec_prefix}/libexec' ; then
| 	libexecdir='${exec_prefix}/lib'
| fi
| 
| # Continue with the standard behavior of configure defined in AC_SITE_LOAD:
| if test "x$prefix" != xNONE; then
| 	ac_site_file1=$prefix/share/config.site
| 	ac_site_file2=$prefix/etc/config.site
| else
| 	ac_site_file1=$ac_default_prefix/share/config.site
| 	ac_site_file2=$ac_default_prefix/etc/config.site
| fi
| for ac_site_file in "$ac_site_file1" "$ac_site_file2"
| do
| 	test "x$ac_site_file" = xNONE && continue
| 	if test /dev/null != "$ac_site_file" && test -r "$ac_site_file"; then
| 		{ $as_echo "/usr/share/site/x86_64-unknown-linux-gnu:${as_lineno-$LINENO}: loading site script $ac_site_file" >&5
| $as_echo "/usr/share/site/x86_64-unknown-linux-gnu: loading site script $ac_site_file" >&6;}
| 		sed 's/^/| /' "$ac_site_file" >&5
| 		. "$ac_site_file" \
| 			|| { { $as_echo "/usr/share/site/x86_64-unknown-linux-gnu:${as_lineno-$LINENO}: error: in \`$ac_pwd':" >&5
| $as_echo "/usr/share/site/x86_64-unknown-linux-gnu: error: in \`$ac_pwd':" >&2;}
| as_fn_error $? "failed to load site script $ac_site_file
| See \`config.log' for more details" "$LINENO" 5; }
| 	fi
| done
configure:2495: checking for a BSD-compatible install
configure:2563: result: /usr/bin/install -c
configure:2574: checking whether build environment is sane
configure:2629: result: yes
configure:2688: checking for arm-linux-strip
configure:2715: result: arm-brcm-linux-uclibcgnueabi-strip
configure:2780: checking for a thread-safe mkdir -p
configure:2819: result: /usr/bin/mkdir -p
configure:2826: checking for gawk
configure:2842: found /usr/bin/gawk
configure:2853: result: gawk
configure:2864: checking whether make sets $(MAKE)
configure:2886: result: yes
configure:2915: checking whether make supports nested variables
configure:2932: result: yes
configure:3059: checking whether to enable maintainer-specific portions of Makefiles
configure:3068: result: no
configure:3102: checking for arm-linux-g++
configure:3118: found /opt/hndtools-arm-linux-2.6.36-uclibc-4.5.3/bin/arm-linux-g++
configure:3129: result: arm-linux-g++
configure:3200: checking for C++ compiler version
configure:3209: arm-linux-g++ --version >&5
arm-linux-g++ (Buildroot 2012.02) 4.5.3
Copyright (C) 2010 Free Software Foundation, Inc.
This is free software; see the source for copying conditions.  There is NO
warranty; not even for MERCHANTABILITY or FITNESS FOR A PARTICULAR PURPOSE.

configure:3220: $? = 0
configure:3209: arm-linux-g++ -v >&5
Using built-in specs.
COLLECT_GCC=arm-linux-g++
COLLECT_LTO_WRAPPER=/home/tomato-arm/release/src-rt-6.x.4708/toolchains/hndtools-arm-linux-2.6.36-uclibc-4.5.3/bin/../libexec/gcc/arm-brcm-linux-uclibcgnueabi/4.5.3/lto-wrapper
Target: arm-brcm-linux-uclibcgnueabi
Configured with: /projects/toolchains_build/buildroot-2012.02-brcm/output/toolchain/gcc-4.5.3/configure --prefix=/projects/hnd/tools/linux/hndtools-arm-linux-2.6.36-uclibc-4.5.3 --build=i686-pc-linux-gnu --host=i686-pc-linux-gnu --target=arm-brcm-linux-uclibcgnueabi --enable-languages=c,c++ --with-sysroot=/projects/hnd/tools/linux/hndtools-arm-linux-2.6.36-uclibc-4.5.3/arm-brcm-linux-uclibcgnueabi/sysroot --with-build-time-tools=/projects/hnd/tools/linux/hndtools-arm-linux-2.6.36-uclibc-4.5.3/arm-brcm-linux-uclibcgnueabi/bin --disable-__cxa_atexit --enable-target-optspace --disable-libgomp --with-gnu-ld --disable-libssp --disable-multilib --disable-tls --enable-shared --with-gmp=/projects/hnd/tools/linux/hndtools-arm-linux-2.6.36-uclibc-4.5.3 --with-mpfr=/projects/hnd/tools/linux/hndtools-arm-linux-2.6.36-uclibc-4.5.3 --with-mpc=/projects/hnd/tools/linux/hndtools-arm-linux-2.6.36-uclibc-4.5.3 --enable-threads --disable-decimal-float --with-float=soft --with-abi=aapcs-linux --with-arch=armv7-a --with-tune=cortex-a9 --with-pkgversion='Buildroot 2012.02' --with-bugurl=http://bugs.buildroot.net/
Thread model: posix
gcc version 4.5.3 (Buildroot 2012.02) 
configure:3220: $? = 0
configure:3209: arm-linux-g++ -V >&5
arm-linux-g++: '-V' option must have argument
configure:3220: $? = 1
configure:3209: arm-linux-g++ -qversion >&5
arm-linux-g++: unrecognized option '-qversion'
arm-linux-g++: no input files
configure:3220: $? = 1
configure:3240: checking whether the C++ compiler works
configure:3262: arm-linux-g++   -static conftest.cpp  >&5
configure:3266: $? = 0
configure:3314: result: yes
configure:3317: checking for C++ compiler default output file name
configure:3319: result: a.out
configure:3325: checking for suffix of executables
configure:3332: arm-linux-g++ -o conftest   -static conftest.cpp  >&5
configure:3336: $? = 0
configure:3358: result: 
configure:3380: checking whether we are cross compiling
configure:3418: result: yes
configure:3423: checking for suffix of object files
configure:3445: arm-linux-g++ -c   conftest.cpp >&5
configure:3449: $? = 0
configure:3470: result: o
configure:3474: checking whether we are using the GNU C++ compiler
configure:3493: arm-linux-g++ -c   conftest.cpp >&5
configure:3493: $? = 0
configure:3502: result: yes
configure:3511: checking whether arm-linux-g++ accepts -g
configure:3531: arm-linux-g++ -c -g  conftest.cpp >&5
configure:3531: $? = 0
configure:3572: result: yes
configure:3606: checking for style of include used by make
configure:3634: result: GNU
configure:3660: checking dependency style of arm-linux-g++
configure:3771: result: gcc3
configure:3794: checking for arm-linux-gcc
configure:3821: result: arm-brcm-linux-uclibcgnueabi-gcc
configure:4090: checking for C compiler version
configure:4099: arm-brcm-linux-uclibcgnueabi-gcc --version >&5
arm-brcm-linux-uclibcgnueabi-gcc (Buildroot 2012.02) 4.5.3
Copyright (C) 2010 Free Software Foundation, Inc.
This is free software; see the source for copying conditions.  There is NO
warranty; not even for MERCHANTABILITY or FITNESS FOR A PARTICULAR PURPOSE.

configure:4110: $? = 0
configure:4099: arm-brcm-linux-uclibcgnueabi-gcc -v >&5
Using built-in specs.
COLLECT_GCC=arm-brcm-linux-uclibcgnueabi-gcc
COLLECT_LTO_WRAPPER=/home/tomato-arm/release/src-rt-6.x.4708/toolchains/hndtools-arm-linux-2.6.36-uclibc-4.5.3/bin/../libexec/gcc/arm-brcm-linux-uclibcgnueabi/4.5.3/lto-wrapper
Target: arm-brcm-linux-uclibcgnueabi
Configured with: /projects/toolchains_build/buildroot-2012.02-brcm/output/toolchain/gcc-4.5.3/configure --prefix=/projects/hnd/tools/linux/hndtools-arm-linux-2.6.36-uclibc-4.5.3 --build=i686-pc-linux-gnu --host=i686-pc-linux-gnu --target=arm-brcm-linux-uclibcgnueabi --enable-languages=c,c++ --with-sysroot=/projects/hnd/tools/linux/hndtools-arm-linux-2.6.36-uclibc-4.5.3/arm-brcm-linux-uclibcgnueabi/sysroot --with-build-time-tools=/projects/hnd/tools/linux/hndtools-arm-linux-2.6.36-uclibc-4.5.3/arm-brcm-linux-uclibcgnueabi/bin --disable-__cxa_atexit --enable-target-optspace --disable-libgomp --with-gnu-ld --disable-libssp --disable-multilib --disable-tls --enable-shared --with-gmp=/projects/hnd/tools/linux/hndtools-arm-linux-2.6.36-uclibc-4.5.3 --with-mpfr=/projects/hnd/tools/linux/hndtools-arm-linux-2.6.36-uclibc-4.5.3 --with-mpc=/projects/hnd/tools/linux/hndtools-arm-linux-2.6.36-uclibc-4.5.3 --enable-threads --disable-decimal-float --with-float=soft --with-abi=aapcs-linux --with-arch=armv7-a --with-tune=cortex-a9 --with-pkgversion='Buildroot 2012.02' --with-bugurl=http://bugs.buildroot.net/
Thread model: posix
gcc version 4.5.3 (Buildroot 2012.02) 
configure:4110: $? = 0
configure:4099: arm-brcm-linux-uclibcgnueabi-gcc -V >&5
arm-brcm-linux-uclibcgnueabi-gcc: '-V' option must have argument
configure:4110: $? = 1
configure:4099: arm-brcm-linux-uclibcgnueabi-gcc -qversion >&5
arm-brcm-linux-uclibcgnueabi-gcc: unrecognized option '-qversion'
arm-brcm-linux-uclibcgnueabi-gcc: no input files
configure:4110: $? = 1
configure:4114: checking whether we are using the GNU C compiler
configure:4133: arm-brcm-linux-uclibcgnueabi-gcc -c -DBCMWPA2 -DBCMQOS -DBCM_DCS -DEXT_ACS -DD11AC_IOTYPES -DNAS_GTK_PER_STA -DPHYMON -DPROXYARP -DTRAFFIC_MGMT -DTRAFFIC_MGMT_RSSI_POLICY -DLINUX26 -DCONFIG_BCMWL5 -DCONFIG_BCMWL6 -DCONFIG_BCMWL6A -DPART_JFFS2_GAP=0UL -pipe -fno-strict-aliasing -DBCMWPA2 -DBCMARM -marm  -DTCONFIG_NVRAM_64K -DLINUX_KERNEL_VERSION=132644 -O2 -D__CONFIG_EMF__  conftest.c >&5
configure:4133: $? = 0
configure:4142: result: yes
configure:4151: checking whether arm-brcm-linux-uclibcgnueabi-gcc accepts -g
configure:4171: arm-brcm-linux-uclibcgnueabi-gcc -c -g  conftest.c >&5
configure:4171: $? = 0
configure:4212: result: yes
configure:4229: checking for arm-brcm-linux-uclibcgnueabi-gcc option to accept ISO C89
configure:4292: arm-brcm-linux-uclibcgnueabi-gcc  -c -DBCMWPA2 -DBCMQOS -DBCM_DCS -DEXT_ACS -DD11AC_IOTYPES -DNAS_GTK_PER_STA -DPHYMON -DPROXYARP -DTRAFFIC_MGMT -DTRAFFIC_MGMT_RSSI_POLICY -DLINUX26 -DCONFIG_BCMWL5 -DCONFIG_BCMWL6 -DCONFIG_BCMWL6A -DPART_JFFS2_GAP=0UL -pipe -fno-strict-aliasing -DBCMWPA2 -DBCMARM -marm  -DTCONFIG_NVRAM_64K -DLINUX_KERNEL_VERSION=132644 -O2 -D__CONFIG_EMF__  conftest.c >&5
configure:4292: $? = 0
configure:4305: result: none needed
configure:4330: checking whether arm-brcm-linux-uclibcgnueabi-gcc understands -c and -o together
configure:4352: arm-brcm-linux-uclibcgnueabi-gcc -c conftest.c -o conftest2.o
configure:4355: $? = 0
configure:4352: arm-brcm-linux-uclibcgnueabi-gcc -c conftest.c -o conftest2.o
configure:4355: $? = 0
configure:4367: result: yes
configure:4386: checking dependency style of arm-brcm-linux-uclibcgnueabi-gcc
configure:4497: result: gcc3
configure:4521: checking dependency style of arm-brcm-linux-uclibcgnueabi-gcc
configure:4630: result: gcc3
configure:4779: checking build system type
configure:4793: result: x86_64-suse-linux-gnu
configure:4813: checking host system type
configure:4826: result: arm-unknown-linux-gnu
configure:5048: checking whether this is a build from SVN
configure:5074: result: no
configure:5087: checking how to run the C++ preprocessor
configure:5114: arm-linux-g++ -E  conftest.cpp
configure:5114: $? = 0
configure:5128: arm-linux-g++ -E  conftest.cpp
conftest.cpp:16:28: fatal error: ac_nonexistent.h: No such file or directory
compilation terminated.
configure:5128: $? = 1
configure: failed program was:
| /* confdefs.h */
| #define PACKAGE_NAME "smartmontools"
| #define PACKAGE_TARNAME "smartmontools"
| #define PACKAGE_VERSION "6.3"
| #define PACKAGE_STRING "smartmontools 6.3"
| #define PACKAGE_BUGREPORT "smartmontools-support@lists.sourceforge.net"
| #define PACKAGE_URL ""
| #define SMARTMONTOOLS_CONFIGURE_ARGS " '--host=arm-linux' '--build=x86_64-suse-linux' '--prefix=/usr' 'build_alias=x86_64-suse-linux' 'host_alias=arm-linux' 'LDFLAGS=-static' 'CC=arm-brcm-linux-uclibcgnueabi-gcc' 'CFLAGS=-DBCMWPA2 -DBCMQOS -DBCM_DCS -DEXT_ACS -DD11AC_IOTYPES -DNAS_GTK_PER_STA -DPHYMON -DPROXYARP -DTRAFFIC_MGMT -DTRAFFIC_MGMT_RSSI_POLICY -DLINUX26 -DCONFIG_BCMWL5 -DCONFIG_BCMWL6 -DCONFIG_BCMWL6A -DPART_JFFS2_GAP=0UL -pipe -fno-strict-aliasing -DBCMWPA2 -DBCMARM -marm  -DTCONFIG_NVRAM_64K -DLINUX_KERNEL_VERSION=132644 -O2 -D__CONFIG_EMF__'"
| #define SMARTMONTOOLS_RELEASE_DATE "2014-07-26"
| #define SMARTMONTOOLS_RELEASE_TIME "09:49:11 UTC"
| #define CONFIG_H_CVSID "$Id: configure.ac 3976 2014-07-26 09:50:09Z chrfranke $"
| #define PACKAGE_HOMEPAGE "http://smartmontools.sourceforge.net/"
| #define PACKAGE "smartmontools"
| #define VERSION "6.3"
| /* end confdefs.h.  */
| #include <ac_nonexistent.h>
configure:5153: result: arm-linux-g++ -E
configure:5173: arm-linux-g++ -E  conftest.cpp
configure:5173: $? = 0
configure:5187: arm-linux-g++ -E  conftest.cpp
conftest.cpp:16:28: fatal error: ac_nonexistent.h: No such file or directory
compilation terminated.
configure:5187: $? = 1
configure: failed program was:
| /* confdefs.h */
| #define PACKAGE_NAME "smartmontools"
| #define PACKAGE_TARNAME "smartmontools"
| #define PACKAGE_VERSION "6.3"
| #define PACKAGE_STRING "smartmontools 6.3"
| #define PACKAGE_BUGREPORT "smartmontools-support@lists.sourceforge.net"
| #define PACKAGE_URL ""
| #define SMARTMONTOOLS_CONFIGURE_ARGS " '--host=arm-linux' '--build=x86_64-suse-linux' '--prefix=/usr' 'build_alias=x86_64-suse-linux' 'host_alias=arm-linux' 'LDFLAGS=-static' 'CC=arm-brcm-linux-uclibcgnueabi-gcc' 'CFLAGS=-DBCMWPA2 -DBCMQOS -DBCM_DCS -DEXT_ACS -DD11AC_IOTYPES -DNAS_GTK_PER_STA -DPHYMON -DPROXYARP -DTRAFFIC_MGMT -DTRAFFIC_MGMT_RSSI_POLICY -DLINUX26 -DCONFIG_BCMWL5 -DCONFIG_BCMWL6 -DCONFIG_BCMWL6A -DPART_JFFS2_GAP=0UL -pipe -fno-strict-aliasing -DBCMWPA2 -DBCMARM -marm  -DTCONFIG_NVRAM_64K -DLINUX_KERNEL_VERSION=132644 -O2 -D__CONFIG_EMF__'"
| #define SMARTMONTOOLS_RELEASE_DATE "2014-07-26"
| #define SMARTMONTOOLS_RELEASE_TIME "09:49:11 UTC"
| #define CONFIG_H_CVSID "$Id: configure.ac 3976 2014-07-26 09:50:09Z chrfranke $"
| #define PACKAGE_HOMEPAGE "http://smartmontools.sourceforge.net/"
| #define PACKAGE "smartmontools"
| #define VERSION "6.3"
| /* end confdefs.h.  */
| #include <ac_nonexistent.h>
configure:5216: checking for grep that handles long lines and -e
configure:5274: result: /usr/bin/grep
configure:5279: checking for egrep
configure:5341: result: /usr/bin/grep -E
configure:5346: checking for ANSI C header files
configure:5366: arm-linux-g++ -c -g -O2  conftest.cpp >&5
configure:5366: $? = 0
configure:5450: result: yes
configure:5463: checking for sys/types.h
configure:5463: arm-linux-g++ -c -g -O2  conftest.cpp >&5
configure:5463: $? = 0
configure:5463: result: yes
configure:5463: checking for sys/stat.h
configure:5463: arm-linux-g++ -c -g -O2  conftest.cpp >&5
configure:5463: $? = 0
configure:5463: result: yes
configure:5463: checking for stdlib.h
configure:5463: arm-linux-g++ -c -g -O2  conftest.cpp >&5
configure:5463: $? = 0
configure:5463: result: yes
configure:5463: checking for string.h
configure:5463: arm-linux-g++ -c -g -O2  conftest.cpp >&5
configure:5463: $? = 0
configure:5463: result: yes
configure:5463: checking for memory.h
configure:5463: arm-linux-g++ -c -g -O2  conftest.cpp >&5
configure:5463: $? = 0
configure:5463: result: yes
configure:5463: checking for strings.h
configure:5463: arm-linux-g++ -c -g -O2  conftest.cpp >&5
configure:5463: $? = 0
configure:5463: result: yes
configure:5463: checking for inttypes.h
configure:5463: arm-linux-g++ -c -g -O2  conftest.cpp >&5
configure:5463: $? = 0
configure:5463: result: yes
configure:5463: checking for stdint.h
configure:5463: arm-linux-g++ -c -g -O2  conftest.cpp >&5
configure:5463: $? = 0
configure:5463: result: yes
configure:5463: checking for unistd.h
configure:5463: arm-linux-g++ -c -g -O2  conftest.cpp >&5
configure:5463: $? = 0
configure:5463: result: yes
configure:5477: checking locale.h usability
configure:5477: arm-linux-g++ -c -g -O2  conftest.cpp >&5
configure:5477: $? = 0
configure:5477: result: yes
configure:5477: checking locale.h presence
configure:5477: arm-linux-g++ -E  conftest.cpp
configure:5477: $? = 0
configure:5477: result: yes
configure:5477: checking for locale.h
configure:5477: result: yes
configure:5489: checking dev/ata/atavar.h usability
configure:5489: arm-linux-g++ -c -g -O2  conftest.cpp >&5
conftest.cpp:60:28: fatal error: dev/ata/atavar.h: No such file or directory
compilation terminated.
configure:5489: $? = 1
configure: failed program was:
| /* confdefs.h */
| #define PACKAGE_NAME "smartmontools"
| #define PACKAGE_TARNAME "smartmontools"
| #define PACKAGE_VERSION "6.3"
| #define PACKAGE_STRING "smartmontools 6.3"
| #define PACKAGE_BUGREPORT "smartmontools-support@lists.sourceforge.net"
| #define PACKAGE_URL ""
| #define SMARTMONTOOLS_CONFIGURE_ARGS " '--host=arm-linux' '--build=x86_64-suse-linux' '--prefix=/usr' 'build_alias=x86_64-suse-linux' 'host_alias=arm-linux' 'LDFLAGS=-static' 'CC=arm-brcm-linux-uclibcgnueabi-gcc' 'CFLAGS=-DBCMWPA2 -DBCMQOS -DBCM_DCS -DEXT_ACS -DD11AC_IOTYPES -DNAS_GTK_PER_STA -DPHYMON -DPROXYARP -DTRAFFIC_MGMT -DTRAFFIC_MGMT_RSSI_POLICY -DLINUX26 -DCONFIG_BCMWL5 -DCONFIG_BCMWL6 -DCONFIG_BCMWL6A -DPART_JFFS2_GAP=0UL -pipe -fno-strict-aliasing -DBCMWPA2 -DBCMARM -marm  -DTCONFIG_NVRAM_64K -DLINUX_KERNEL_VERSION=132644 -O2 -D__CONFIG_EMF__'"
| #define SMARTMONTOOLS_RELEASE_DATE "2014-07-26"
| #define SMARTMONTOOLS_RELEASE_TIME "09:49:11 UTC"
| #define CONFIG_H_CVSID "$Id: configure.ac 3976 2014-07-26 09:50:09Z chrfranke $"
| #define PACKAGE_HOMEPAGE "http://smartmontools.sourceforge.net/"
| #define PACKAGE "smartmontools"
| #define VERSION "6.3"
| #define STDC_HEADERS 1
| #define HAVE_SYS_TYPES_H 1
| #define HAVE_SYS_STAT_H 1
| #define HAVE_STDLIB_H 1
| #define HAVE_STRING_H 1
| #define HAVE_MEMORY_H 1
| #define HAVE_STRINGS_H 1
| #define HAVE_INTTYPES_H 1
| #define HAVE_STDINT_H 1
| #define HAVE_UNISTD_H 1
| #define HAVE_LOCALE_H 1
| /* end confdefs.h.  */
| #include <stdio.h>
| #ifdef HAVE_SYS_TYPES_H
| # include <sys/types.h>
| #endif
| #ifdef HAVE_SYS_STAT_H
| # include <sys/stat.h>
| #endif
| #ifdef STDC_HEADERS
| # include <stdlib.h>
| # include <stddef.h>
| #else
| # ifdef HAVE_STDLIB_H
| #  include <stdlib.h>
| # endif
| #endif
| #ifdef HAVE_STRING_H
| # if !defined STDC_HEADERS && defined HAVE_MEMORY_H
| #  include <memory.h>
| # endif
| # include <string.h>
| #endif
| #ifdef HAVE_STRINGS_H
| # include <strings.h>
| #endif
| #ifdef HAVE_INTTYPES_H
| # include <inttypes.h>
| #endif
| #ifdef HAVE_STDINT_H
| # include <stdint.h>
| #endif
| #ifdef HAVE_UNISTD_H
| # include <unistd.h>
| #endif
| #include <dev/ata/atavar.h>
configure:5489: result: no
configure:5489: checking dev/ata/atavar.h presence
configure:5489: arm-linux-g++ -E  conftest.cpp
conftest.cpp:27:28: fatal error: dev/ata/atavar.h: No such file or directory
compilation terminated.
configure:5489: $? = 1
configure: failed program was:
| /* confdefs.h */
| #define PACKAGE_NAME "smartmontools"
| #define PACKAGE_TARNAME "smartmontools"
| #define PACKAGE_VERSION "6.3"
| #define PACKAGE_STRING "smartmontools 6.3"
| #define PACKAGE_BUGREPORT "smartmontools-support@lists.sourceforge.net"
| #define PACKAGE_URL ""
| #define SMARTMONTOOLS_CONFIGURE_ARGS " '--host=arm-linux' '--build=x86_64-suse-linux' '--prefix=/usr' 'build_alias=x86_64-suse-linux' 'host_alias=arm-linux' 'LDFLAGS=-static' 'CC=arm-brcm-linux-uclibcgnueabi-gcc' 'CFLAGS=-DBCMWPA2 -DBCMQOS -DBCM_DCS -DEXT_ACS -DD11AC_IOTYPES -DNAS_GTK_PER_STA -DPHYMON -DPROXYARP -DTRAFFIC_MGMT -DTRAFFIC_MGMT_RSSI_POLICY -DLINUX26 -DCONFIG_BCMWL5 -DCONFIG_BCMWL6 -DCONFIG_BCMWL6A -DPART_JFFS2_GAP=0UL -pipe -fno-strict-aliasing -DBCMWPA2 -DBCMARM -marm  -DTCONFIG_NVRAM_64K -DLINUX_KERNEL_VERSION=132644 -O2 -D__CONFIG_EMF__'"
| #define SMARTMONTOOLS_RELEASE_DATE "2014-07-26"
| #define SMARTMONTOOLS_RELEASE_TIME "09:49:11 UTC"
| #define CONFIG_H_CVSID "$Id: configure.ac 3976 2014-07-26 09:50:09Z chrfranke $"
| #define PACKAGE_HOMEPAGE "http://smartmontools.sourceforge.net/"
| #define PACKAGE "smartmontools"
| #define VERSION "6.3"
| #define STDC_HEADERS 1
| #define HAVE_SYS_TYPES_H 1
| #define HAVE_SYS_STAT_H 1
| #define HAVE_STDLIB_H 1
| #define HAVE_STRING_H 1
| #define HAVE_MEMORY_H 1
| #define HAVE_STRINGS_H 1
| #define HAVE_INTTYPES_H 1
| #define HAVE_STDINT_H 1
| #define HAVE_UNISTD_H 1
| #define HAVE_LOCALE_H 1
| /* end confdefs.h.  */
| #include <dev/ata/atavar.h>
configure:5489: result: no
configure:5489: checking for dev/ata/atavar.h
configure:5489: result: no
configure:5501: checking netdb.h usability
configure:5501: arm-linux-g++ -c -g -O2  conftest.cpp >&5
configure:5501: $? = 0
configure:5501: result: yes
configure:5501: checking netdb.h presence
configure:5501: arm-linux-g++ -E  conftest.cpp
configure:5501: $? = 0
configure:5501: result: yes
configure:5501: checking for netdb.h
configure:5501: result: yes
configure:5513: checking for inttypes.h
configure:5513: result: yes
configure:5524: checking for stdint.h
configure:5524: result: yes
configure:5535: checking sys/inttypes.h usability
configure:5535: arm-linux-g++ -c -g -O2  conftest.cpp >&5
conftest.cpp:63:26: fatal error: sys/inttypes.h: No such file or directory
compilation terminated.
configure:5535: $? = 1
configure: failed program was:
| /* confdefs.h */
| #define PACKAGE_NAME "smartmontools"
| #define PACKAGE_TARNAME "smartmontools"
| #define PACKAGE_VERSION "6.3"
| #define PACKAGE_STRING "smartmontools 6.3"
| #define PACKAGE_BUGREPORT "smartmontools-support@lists.sourceforge.net"
| #define PACKAGE_URL ""
| #define SMARTMONTOOLS_CONFIGURE_ARGS " '--host=arm-linux' '--build=x86_64-suse-linux' '--prefix=/usr' 'build_alias=x86_64-suse-linux' 'host_alias=arm-linux' 'LDFLAGS=-static' 'CC=arm-brcm-linux-uclibcgnueabi-gcc' 'CFLAGS=-DBCMWPA2 -DBCMQOS -DBCM_DCS -DEXT_ACS -DD11AC_IOTYPES -DNAS_GTK_PER_STA -DPHYMON -DPROXYARP -DTRAFFIC_MGMT -DTRAFFIC_MGMT_RSSI_POLICY -DLINUX26 -DCONFIG_BCMWL5 -DCONFIG_BCMWL6 -DCONFIG_BCMWL6A -DPART_JFFS2_GAP=0UL -pipe -fno-strict-aliasing -DBCMWPA2 -DBCMARM -marm  -DTCONFIG_NVRAM_64K -DLINUX_KERNEL_VERSION=132644 -O2 -D__CONFIG_EMF__'"
| #define SMARTMONTOOLS_RELEASE_DATE "2014-07-26"
| #define SMARTMONTOOLS_RELEASE_TIME "09:49:11 UTC"
| #define CONFIG_H_CVSID "$Id: configure.ac 3976 2014-07-26 09:50:09Z chrfranke $"
| #define PACKAGE_HOMEPAGE "http://smartmontools.sourceforge.net/"
| #define PACKAGE "smartmontools"
| #define VERSION "6.3"
| #define STDC_HEADERS 1
| #define HAVE_SYS_TYPES_H 1
| #define HAVE_SYS_STAT_H 1
| #define HAVE_STDLIB_H 1
| #define HAVE_STRING_H 1
| #define HAVE_MEMORY_H 1
| #define HAVE_STRINGS_H 1
| #define HAVE_INTTYPES_H 1
| #define HAVE_STDINT_H 1
| #define HAVE_UNISTD_H 1
| #define HAVE_LOCALE_H 1
| #define HAVE_NETDB_H 1
| #define HAVE_INTTYPES_H 1
| #define HAVE_STDINT_H 1
| /* end confdefs.h.  */
| #include <stdio.h>
| #ifdef HAVE_SYS_TYPES_H
| # include <sys/types.h>
| #endif
| #ifdef HAVE_SYS_STAT_H
| # include <sys/stat.h>
| #endif
| #ifdef STDC_HEADERS
| # include <stdlib.h>
| # include <stddef.h>
| #else
| # ifdef HAVE_STDLIB_H
| #  include <stdlib.h>
| # endif
| #endif
| #ifdef HAVE_STRING_H
| # if !defined STDC_HEADERS && defined HAVE_MEMORY_H
| #  include <memory.h>
| # endif
| # include <string.h>
| #endif
| #ifdef HAVE_STRINGS_H
| # include <strings.h>
| #endif
| #ifdef HAVE_INTTYPES_H
| # include <inttypes.h>
| #endif
| #ifdef HAVE_STDINT_H
| # include <stdint.h>
| #endif
| #ifdef HAVE_UNISTD_H
| # include <unistd.h>
| #endif
| #include <sys/inttypes.h>
configure:5535: result: no
configure:5535: checking sys/inttypes.h presence
configure:5535: arm-linux-g++ -E  conftest.cpp
conftest.cpp:30:26: fatal error: sys/inttypes.h: No such file or directory
compilation terminated.
configure:5535: $? = 1
configure: failed program was:
| /* confdefs.h */
| #define PACKAGE_NAME "smartmontools"
| #define PACKAGE_TARNAME "smartmontools"
| #define PACKAGE_VERSION "6.3"
| #define PACKAGE_STRING "smartmontools 6.3"
| #define PACKAGE_BUGREPORT "smartmontools-support@lists.sourceforge.net"
| #define PACKAGE_URL ""
| #define SMARTMONTOOLS_CONFIGURE_ARGS " '--host=arm-linux' '--build=x86_64-suse-linux' '--prefix=/usr' 'build_alias=x86_64-suse-linux' 'host_alias=arm-linux' 'LDFLAGS=-static' 'CC=arm-brcm-linux-uclibcgnueabi-gcc' 'CFLAGS=-DBCMWPA2 -DBCMQOS -DBCM_DCS -DEXT_ACS -DD11AC_IOTYPES -DNAS_GTK_PER_STA -DPHYMON -DPROXYARP -DTRAFFIC_MGMT -DTRAFFIC_MGMT_RSSI_POLICY -DLINUX26 -DCONFIG_BCMWL5 -DCONFIG_BCMWL6 -DCONFIG_BCMWL6A -DPART_JFFS2_GAP=0UL -pipe -fno-strict-aliasing -DBCMWPA2 -DBCMARM -marm  -DTCONFIG_NVRAM_64K -DLINUX_KERNEL_VERSION=132644 -O2 -D__CONFIG_EMF__'"
| #define SMARTMONTOOLS_RELEASE_DATE "2014-07-26"
| #define SMARTMONTOOLS_RELEASE_TIME "09:49:11 UTC"
| #define CONFIG_H_CVSID "$Id: configure.ac 3976 2014-07-26 09:50:09Z chrfranke $"
| #define PACKAGE_HOMEPAGE "http://smartmontools.sourceforge.net/"
| #define PACKAGE "smartmontools"
| #define VERSION "6.3"
| #define STDC_HEADERS 1
| #define HAVE_SYS_TYPES_H 1
| #define HAVE_SYS_STAT_H 1
| #define HAVE_STDLIB_H 1
| #define HAVE_STRING_H 1
| #define HAVE_MEMORY_H 1
| #define HAVE_STRINGS_H 1
| #define HAVE_INTTYPES_H 1
| #define HAVE_STDINT_H 1
| #define HAVE_UNISTD_H 1
| #define HAVE_LOCALE_H 1
| #define HAVE_NETDB_H 1
| #define HAVE_INTTYPES_H 1
| #define HAVE_STDINT_H 1
| /* end confdefs.h.  */
| #include <sys/inttypes.h>
configure:5535: result: no
configure:5535: checking for sys/inttypes.h
configure:5535: result: no
configure:5546: checking sys/int_types.h usability
configure:5546: arm-linux-g++ -c -g -O2  conftest.cpp >&5
conftest.cpp:63:27: fatal error: sys/int_types.h: No such file or directory
compilation terminated.
configure:5546: $? = 1
configure: failed program was:
| /* confdefs.h */
| #define PACKAGE_NAME "smartmontools"
| #define PACKAGE_TARNAME "smartmontools"
| #define PACKAGE_VERSION "6.3"
| #define PACKAGE_STRING "smartmontools 6.3"
| #define PACKAGE_BUGREPORT "smartmontools-support@lists.sourceforge.net"
| #define PACKAGE_URL ""
| #define SMARTMONTOOLS_CONFIGURE_ARGS " '--host=arm-linux' '--build=x86_64-suse-linux' '--prefix=/usr' 'build_alias=x86_64-suse-linux' 'host_alias=arm-linux' 'LDFLAGS=-static' 'CC=arm-brcm-linux-uclibcgnueabi-gcc' 'CFLAGS=-DBCMWPA2 -DBCMQOS -DBCM_DCS -DEXT_ACS -DD11AC_IOTYPES -DNAS_GTK_PER_STA -DPHYMON -DPROXYARP -DTRAFFIC_MGMT -DTRAFFIC_MGMT_RSSI_POLICY -DLINUX26 -DCONFIG_BCMWL5 -DCONFIG_BCMWL6 -DCONFIG_BCMWL6A -DPART_JFFS2_GAP=0UL -pipe -fno-strict-aliasing -DBCMWPA2 -DBCMARM -marm  -DTCONFIG_NVRAM_64K -DLINUX_KERNEL_VERSION=132644 -O2 -D__CONFIG_EMF__'"
| #define SMARTMONTOOLS_RELEASE_DATE "2014-07-26"
| #define SMARTMONTOOLS_RELEASE_TIME "09:49:11 UTC"
| #define CONFIG_H_CVSID "$Id: configure.ac 3976 2014-07-26 09:50:09Z chrfranke $"
| #define PACKAGE_HOMEPAGE "http://smartmontools.sourceforge.net/"
| #define PACKAGE "smartmontools"
| #define VERSION "6.3"
| #define STDC_HEADERS 1
| #define HAVE_SYS_TYPES_H 1
| #define HAVE_SYS_STAT_H 1
| #define HAVE_STDLIB_H 1
| #define HAVE_STRING_H 1
| #define HAVE_MEMORY_H 1
| #define HAVE_STRINGS_H 1
| #define HAVE_INTTYPES_H 1
| #define HAVE_STDINT_H 1
| #define HAVE_UNISTD_H 1
| #define HAVE_LOCALE_H 1
| #define HAVE_NETDB_H 1
| #define HAVE_INTTYPES_H 1
| #define HAVE_STDINT_H 1
| /* end confdefs.h.  */
| #include <stdio.h>
| #ifdef HAVE_SYS_TYPES_H
| # include <sys/types.h>
| #endif
| #ifdef HAVE_SYS_STAT_H
| # include <sys/stat.h>
| #endif
| #ifdef STDC_HEADERS
| # include <stdlib.h>
| # include <stddef.h>
| #else
| # ifdef HAVE_STDLIB_H
| #  include <stdlib.h>
| # endif
| #endif
| #ifdef HAVE_STRING_H
| # if !defined STDC_HEADERS && defined HAVE_MEMORY_H
| #  include <memory.h>
| # endif
| # include <string.h>
| #endif
| #ifdef HAVE_STRINGS_H
| # include <strings.h>
| #endif
| #ifdef HAVE_INTTYPES_H
| # include <inttypes.h>
| #endif
| #ifdef HAVE_STDINT_H
| # include <stdint.h>
| #endif
| #ifdef HAVE_UNISTD_H
| # include <unistd.h>
| #endif
| #include <sys/int_types.h>
configure:5546: result: no
configure:5546: checking sys/int_types.h presence
configure:5546: arm-linux-g++ -E  conftest.cpp
conftest.cpp:30:27: fatal error: sys/int_types.h: No such file or directory
compilation terminated.
configure:5546: $? = 1
configure: failed program was:
| /* confdefs.h */
| #define PACKAGE_NAME "smartmontools"
| #define PACKAGE_TARNAME "smartmontools"
| #define PACKAGE_VERSION "6.3"
| #define PACKAGE_STRING "smartmontools 6.3"
| #define PACKAGE_BUGREPORT "smartmontools-support@lists.sourceforge.net"
| #define PACKAGE_URL ""
| #define SMARTMONTOOLS_CONFIGURE_ARGS " '--host=arm-linux' '--build=x86_64-suse-linux' '--prefix=/usr' 'build_alias=x86_64-suse-linux' 'host_alias=arm-linux' 'LDFLAGS=-static' 'CC=arm-brcm-linux-uclibcgnueabi-gcc' 'CFLAGS=-DBCMWPA2 -DBCMQOS -DBCM_DCS -DEXT_ACS -DD11AC_IOTYPES -DNAS_GTK_PER_STA -DPHYMON -DPROXYARP -DTRAFFIC_MGMT -DTRAFFIC_MGMT_RSSI_POLICY -DLINUX26 -DCONFIG_BCMWL5 -DCONFIG_BCMWL6 -DCONFIG_BCMWL6A -DPART_JFFS2_GAP=0UL -pipe -fno-strict-aliasing -DBCMWPA2 -DBCMARM -marm  -DTCONFIG_NVRAM_64K -DLINUX_KERNEL_VERSION=132644 -O2 -D__CONFIG_EMF__'"
| #define SMARTMONTOOLS_RELEASE_DATE "2014-07-26"
| #define SMARTMONTOOLS_RELEASE_TIME "09:49:11 UTC"
| #define CONFIG_H_CVSID "$Id: configure.ac 3976 2014-07-26 09:50:09Z chrfranke $"
| #define PACKAGE_HOMEPAGE "http://smartmontools.sourceforge.net/"
| #define PACKAGE "smartmontools"
| #define VERSION "6.3"
| #define STDC_HEADERS 1
| #define HAVE_SYS_TYPES_H 1
| #define HAVE_SYS_STAT_H 1
| #define HAVE_STDLIB_H 1
| #define HAVE_STRING_H 1
| #define HAVE_MEMORY_H 1
| #define HAVE_STRINGS_H 1
| #define HAVE_INTTYPES_H 1
| #define HAVE_STDINT_H 1
| #define HAVE_UNISTD_H 1
| #define HAVE_LOCALE_H 1
| #define HAVE_NETDB_H 1
| #define HAVE_INTTYPES_H 1
| #define HAVE_STDINT_H 1
| /* end confdefs.h.  */
| #include <sys/int_types.h>
configure:5546: result: no
configure:5546: checking for sys/int_types.h
configure:5546: result: no
configure:5557: checking sys/tweio.h usability
configure:5557: arm-linux-g++ -c -g -O2  conftest.cpp >&5
conftest.cpp:63:23: fatal error: sys/tweio.h: No such file or directory
compilation terminated.
configure:5557: $? = 1
configure: failed program was:
| /* confdefs.h */
| #define PACKAGE_NAME "smartmontools"
| #define PACKAGE_TARNAME "smartmontools"
| #define PACKAGE_VERSION "6.3"
| #define PACKAGE_STRING "smartmontools 6.3"
| #define PACKAGE_BUGREPORT "smartmontools-support@lists.sourceforge.net"
| #define PACKAGE_URL ""
| #define SMARTMONTOOLS_CONFIGURE_ARGS " '--host=arm-linux' '--build=x86_64-suse-linux' '--prefix=/usr' 'build_alias=x86_64-suse-linux' 'host_alias=arm-linux' 'LDFLAGS=-static' 'CC=arm-brcm-linux-uclibcgnueabi-gcc' 'CFLAGS=-DBCMWPA2 -DBCMQOS -DBCM_DCS -DEXT_ACS -DD11AC_IOTYPES -DNAS_GTK_PER_STA -DPHYMON -DPROXYARP -DTRAFFIC_MGMT -DTRAFFIC_MGMT_RSSI_POLICY -DLINUX26 -DCONFIG_BCMWL5 -DCONFIG_BCMWL6 -DCONFIG_BCMWL6A -DPART_JFFS2_GAP=0UL -pipe -fno-strict-aliasing -DBCMWPA2 -DBCMARM -marm  -DTCONFIG_NVRAM_64K -DLINUX_KERNEL_VERSION=132644 -O2 -D__CONFIG_EMF__'"
| #define SMARTMONTOOLS_RELEASE_DATE "2014-07-26"
| #define SMARTMONTOOLS_RELEASE_TIME "09:49:11 UTC"
| #define CONFIG_H_CVSID "$Id: configure.ac 3976 2014-07-26 09:50:09Z chrfranke $"
| #define PACKAGE_HOMEPAGE "http://smartmontools.sourceforge.net/"
| #define PACKAGE "smartmontools"
| #define VERSION "6.3"
| #define STDC_HEADERS 1
| #define HAVE_SYS_TYPES_H 1
| #define HAVE_SYS_STAT_H 1
| #define HAVE_STDLIB_H 1
| #define HAVE_STRING_H 1
| #define HAVE_MEMORY_H 1
| #define HAVE_STRINGS_H 1
| #define HAVE_INTTYPES_H 1
| #define HAVE_STDINT_H 1
| #define HAVE_UNISTD_H 1
| #define HAVE_LOCALE_H 1
| #define HAVE_NETDB_H 1
| #define HAVE_INTTYPES_H 1
| #define HAVE_STDINT_H 1
| /* end confdefs.h.  */
| #include <stdio.h>
| #ifdef HAVE_SYS_TYPES_H
| # include <sys/types.h>
| #endif
| #ifdef HAVE_SYS_STAT_H
| # include <sys/stat.h>
| #endif
| #ifdef STDC_HEADERS
| # include <stdlib.h>
| # include <stddef.h>
| #else
| # ifdef HAVE_STDLIB_H
| #  include <stdlib.h>
| # endif
| #endif
| #ifdef HAVE_STRING_H
| # if !defined STDC_HEADERS && defined HAVE_MEMORY_H
| #  include <memory.h>
| # endif
| # include <string.h>
| #endif
| #ifdef HAVE_STRINGS_H
| # include <strings.h>
| #endif
| #ifdef HAVE_INTTYPES_H
| # include <inttypes.h>
| #endif
| #ifdef HAVE_STDINT_H
| # include <stdint.h>
| #endif
| #ifdef HAVE_UNISTD_H
| # include <unistd.h>
| #endif
| #include <sys/tweio.h>
configure:5557: result: no
configure:5557: checking sys/tweio.h presence
configure:5557: arm-linux-g++ -E  conftest.cpp
conftest.cpp:30:23: fatal error: sys/tweio.h: No such file or directory
compilation terminated.
configure:5557: $? = 1
configure: failed program was:
| /* confdefs.h */
| #define PACKAGE_NAME "smartmontools"
| #define PACKAGE_TARNAME "smartmontools"
| #define PACKAGE_VERSION "6.3"
| #define PACKAGE_STRING "smartmontools 6.3"
| #define PACKAGE_BUGREPORT "smartmontools-support@lists.sourceforge.net"
| #define PACKAGE_URL ""
| #define SMARTMONTOOLS_CONFIGURE_ARGS " '--host=arm-linux' '--build=x86_64-suse-linux' '--prefix=/usr' 'build_alias=x86_64-suse-linux' 'host_alias=arm-linux' 'LDFLAGS=-static' 'CC=arm-brcm-linux-uclibcgnueabi-gcc' 'CFLAGS=-DBCMWPA2 -DBCMQOS -DBCM_DCS -DEXT_ACS -DD11AC_IOTYPES -DNAS_GTK_PER_STA -DPHYMON -DPROXYARP -DTRAFFIC_MGMT -DTRAFFIC_MGMT_RSSI_POLICY -DLINUX26 -DCONFIG_BCMWL5 -DCONFIG_BCMWL6 -DCONFIG_BCMWL6A -DPART_JFFS2_GAP=0UL -pipe -fno-strict-aliasing -DBCMWPA2 -DBCMARM -marm  -DTCONFIG_NVRAM_64K -DLINUX_KERNEL_VERSION=132644 -O2 -D__CONFIG_EMF__'"
| #define SMARTMONTOOLS_RELEASE_DATE "2014-07-26"
| #define SMARTMONTOOLS_RELEASE_TIME "09:49:11 UTC"
| #define CONFIG_H_CVSID "$Id: configure.ac 3976 2014-07-26 09:50:09Z chrfranke $"
| #define PACKAGE_HOMEPAGE "http://smartmontools.sourceforge.net/"
| #define PACKAGE "smartmontools"
| #define VERSION "6.3"
| #define STDC_HEADERS 1
| #define HAVE_SYS_TYPES_H 1
| #define HAVE_SYS_STAT_H 1
| #define HAVE_STDLIB_H 1
| #define HAVE_STRING_H 1
| #define HAVE_MEMORY_H 1
| #define HAVE_STRINGS_H 1
| #define HAVE_INTTYPES_H 1
| #define HAVE_STDINT_H 1
| #define HAVE_UNISTD_H 1
| #define HAVE_LOCALE_H 1
| #define HAVE_NETDB_H 1
| #define HAVE_INTTYPES_H 1
| #define HAVE_STDINT_H 1
| /* end confdefs.h.  */
| #include <sys/tweio.h>
configure:5557: result: no
configure:5557: checking for sys/tweio.h
configure:5557: result: no
configure:5569: checking sys/twereg.h usability
configure:5569: arm-linux-g++ -c -g -O2  conftest.cpp >&5
conftest.cpp:63:24: fatal error: sys/twereg.h: No such file or directory
compilation terminated.
configure:5569: $? = 1
configure: failed program was:
| /* confdefs.h */
| #define PACKAGE_NAME "smartmontools"
| #define PACKAGE_TARNAME "smartmontools"
| #define PACKAGE_VERSION "6.3"
| #define PACKAGE_STRING "smartmontools 6.3"
| #define PACKAGE_BUGREPORT "smartmontools-support@lists.sourceforge.net"
| #define PACKAGE_URL ""
| #define SMARTMONTOOLS_CONFIGURE_ARGS " '--host=arm-linux' '--build=x86_64-suse-linux' '--prefix=/usr' 'build_alias=x86_64-suse-linux' 'host_alias=arm-linux' 'LDFLAGS=-static' 'CC=arm-brcm-linux-uclibcgnueabi-gcc' 'CFLAGS=-DBCMWPA2 -DBCMQOS -DBCM_DCS -DEXT_ACS -DD11AC_IOTYPES -DNAS_GTK_PER_STA -DPHYMON -DPROXYARP -DTRAFFIC_MGMT -DTRAFFIC_MGMT_RSSI_POLICY -DLINUX26 -DCONFIG_BCMWL5 -DCONFIG_BCMWL6 -DCONFIG_BCMWL6A -DPART_JFFS2_GAP=0UL -pipe -fno-strict-aliasing -DBCMWPA2 -DBCMARM -marm  -DTCONFIG_NVRAM_64K -DLINUX_KERNEL_VERSION=132644 -O2 -D__CONFIG_EMF__'"
| #define SMARTMONTOOLS_RELEASE_DATE "2014-07-26"
| #define SMARTMONTOOLS_RELEASE_TIME "09:49:11 UTC"
| #define CONFIG_H_CVSID "$Id: configure.ac 3976 2014-07-26 09:50:09Z chrfranke $"
| #define PACKAGE_HOMEPAGE "http://smartmontools.sourceforge.net/"
| #define PACKAGE "smartmontools"
| #define VERSION "6.3"
| #define STDC_HEADERS 1
| #define HAVE_SYS_TYPES_H 1
| #define HAVE_SYS_STAT_H 1
| #define HAVE_STDLIB_H 1
| #define HAVE_STRING_H 1
| #define HAVE_MEMORY_H 1
| #define HAVE_STRINGS_H 1
| #define HAVE_INTTYPES_H 1
| #define HAVE_STDINT_H 1
| #define HAVE_UNISTD_H 1
| #define HAVE_LOCALE_H 1
| #define HAVE_NETDB_H 1
| #define HAVE_INTTYPES_H 1
| #define HAVE_STDINT_H 1
| /* end confdefs.h.  */
| #include <stdio.h>
| #ifdef HAVE_SYS_TYPES_H
| # include <sys/types.h>
| #endif
| #ifdef HAVE_SYS_STAT_H
| # include <sys/stat.h>
| #endif
| #ifdef STDC_HEADERS
| # include <stdlib.h>
| # include <stddef.h>
| #else
| # ifdef HAVE_STDLIB_H
| #  include <stdlib.h>
| # endif
| #endif
| #ifdef HAVE_STRING_H
| # if !defined STDC_HEADERS && defined HAVE_MEMORY_H
| #  include <memory.h>
| # endif
| # include <string.h>
| #endif
| #ifdef HAVE_STRINGS_H
| # include <strings.h>
| #endif
| #ifdef HAVE_INTTYPES_H
| # include <inttypes.h>
| #endif
| #ifdef HAVE_STDINT_H
| # include <stdint.h>
| #endif
| #ifdef HAVE_UNISTD_H
| # include <unistd.h>
| #endif
| #include <sys/twereg.h>
configure:5569: result: no
configure:5569: checking sys/twereg.h presence
configure:5569: arm-linux-g++ -E  conftest.cpp
conftest.cpp:30:24: fatal error: sys/twereg.h: No such file or directory
compilation terminated.
configure:5569: $? = 1
configure: failed program was:
| /* confdefs.h */
| #define PACKAGE_NAME "smartmontools"
| #define PACKAGE_TARNAME "smartmontools"
| #define PACKAGE_VERSION "6.3"
| #define PACKAGE_STRING "smartmontools 6.3"
| #define PACKAGE_BUGREPORT "smartmontools-support@lists.sourceforge.net"
| #define PACKAGE_URL ""
| #define SMARTMONTOOLS_CONFIGURE_ARGS " '--host=arm-linux' '--build=x86_64-suse-linux' '--prefix=/usr' 'build_alias=x86_64-suse-linux' 'host_alias=arm-linux' 'LDFLAGS=-static' 'CC=arm-brcm-linux-uclibcgnueabi-gcc' 'CFLAGS=-DBCMWPA2 -DBCMQOS -DBCM_DCS -DEXT_ACS -DD11AC_IOTYPES -DNAS_GTK_PER_STA -DPHYMON -DPROXYARP -DTRAFFIC_MGMT -DTRAFFIC_MGMT_RSSI_POLICY -DLINUX26 -DCONFIG_BCMWL5 -DCONFIG_BCMWL6 -DCONFIG_BCMWL6A -DPART_JFFS2_GAP=0UL -pipe -fno-strict-aliasing -DBCMWPA2 -DBCMARM -marm  -DTCONFIG_NVRAM_64K -DLINUX_KERNEL_VERSION=132644 -O2 -D__CONFIG_EMF__'"
| #define SMARTMONTOOLS_RELEASE_DATE "2014-07-26"
| #define SMARTMONTOOLS_RELEASE_TIME "09:49:11 UTC"
| #define CONFIG_H_CVSID "$Id: configure.ac 3976 2014-07-26 09:50:09Z chrfranke $"
| #define PACKAGE_HOMEPAGE "http://smartmontools.sourceforge.net/"
| #define PACKAGE "smartmontools"
| #define VERSION "6.3"
| #define STDC_HEADERS 1
| #define HAVE_SYS_TYPES_H 1
| #define HAVE_SYS_STAT_H 1
| #define HAVE_STDLIB_H 1
| #define HAVE_STRING_H 1
| #define HAVE_MEMORY_H 1
| #define HAVE_STRINGS_H 1
| #define HAVE_INTTYPES_H 1
| #define HAVE_STDINT_H 1
| #define HAVE_UNISTD_H 1
| #define HAVE_LOCALE_H 1
| #define HAVE_NETDB_H 1
| #define HAVE_INTTYPES_H 1
| #define HAVE_STDINT_H 1
| /* end confdefs.h.  */
| #include <sys/twereg.h>
configure:5569: result: no
configure:5569: checking for sys/twereg.h
configure:5569: result: no
configure:5581: checking sys/tw_osl_ioctl.h usability
configure:5581: arm-linux-g++ -c -g -O2  conftest.cpp >&5
conftest.cpp:63:30: fatal error: sys/tw_osl_ioctl.h: No such file or directory
compilation terminated.
configure:5581: $? = 1
configure: failed program was:
| /* confdefs.h */
| #define PACKAGE_NAME "smartmontools"
| #define PACKAGE_TARNAME "smartmontools"
| #define PACKAGE_VERSION "6.3"
| #define PACKAGE_STRING "smartmontools 6.3"
| #define PACKAGE_BUGREPORT "smartmontools-support@lists.sourceforge.net"
| #define PACKAGE_URL ""
| #define SMARTMONTOOLS_CONFIGURE_ARGS " '--host=arm-linux' '--build=x86_64-suse-linux' '--prefix=/usr' 'build_alias=x86_64-suse-linux' 'host_alias=arm-linux' 'LDFLAGS=-static' 'CC=arm-brcm-linux-uclibcgnueabi-gcc' 'CFLAGS=-DBCMWPA2 -DBCMQOS -DBCM_DCS -DEXT_ACS -DD11AC_IOTYPES -DNAS_GTK_PER_STA -DPHYMON -DPROXYARP -DTRAFFIC_MGMT -DTRAFFIC_MGMT_RSSI_POLICY -DLINUX26 -DCONFIG_BCMWL5 -DCONFIG_BCMWL6 -DCONFIG_BCMWL6A -DPART_JFFS2_GAP=0UL -pipe -fno-strict-aliasing -DBCMWPA2 -DBCMARM -marm  -DTCONFIG_NVRAM_64K -DLINUX_KERNEL_VERSION=132644 -O2 -D__CONFIG_EMF__'"
| #define SMARTMONTOOLS_RELEASE_DATE "2014-07-26"
| #define SMARTMONTOOLS_RELEASE_TIME "09:49:11 UTC"
| #define CONFIG_H_CVSID "$Id: configure.ac 3976 2014-07-26 09:50:09Z chrfranke $"
| #define PACKAGE_HOMEPAGE "http://smartmontools.sourceforge.net/"
| #define PACKAGE "smartmontools"
| #define VERSION "6.3"
| #define STDC_HEADERS 1
| #define HAVE_SYS_TYPES_H 1
| #define HAVE_SYS_STAT_H 1
| #define HAVE_STDLIB_H 1
| #define HAVE_STRING_H 1
| #define HAVE_MEMORY_H 1
| #define HAVE_STRINGS_H 1
| #define HAVE_INTTYPES_H 1
| #define HAVE_STDINT_H 1
| #define HAVE_UNISTD_H 1
| #define HAVE_LOCALE_H 1
| #define HAVE_NETDB_H 1
| #define HAVE_INTTYPES_H 1
| #define HAVE_STDINT_H 1
| /* end confdefs.h.  */
| #include <stdio.h>
| #ifdef HAVE_SYS_TYPES_H
| # include <sys/types.h>
| #endif
| #ifdef HAVE_SYS_STAT_H
| # include <sys/stat.h>
| #endif
| #ifdef STDC_HEADERS
| # include <stdlib.h>
| # include <stddef.h>
| #else
| # ifdef HAVE_STDLIB_H
| #  include <stdlib.h>
| # endif
| #endif
| #ifdef HAVE_STRING_H
| # if !defined STDC_HEADERS && defined HAVE_MEMORY_H
| #  include <memory.h>
| # endif
| # include <string.h>
| #endif
| #ifdef HAVE_STRINGS_H
| # include <strings.h>
| #endif
| #ifdef HAVE_INTTYPES_H
| # include <inttypes.h>
| #endif
| #ifdef HAVE_STDINT_H
| # include <stdint.h>
| #endif
| #ifdef HAVE_UNISTD_H
| # include <unistd.h>
| #endif
| #include <sys/tw_osl_ioctl.h>
configure:5581: result: no
configure:5581: checking sys/tw_osl_ioctl.h presence
configure:5581: arm-linux-g++ -E  conftest.cpp
conftest.cpp:30:30: fatal error: sys/tw_osl_ioctl.h: No such file or directory
compilation terminated.
configure:5581: $? = 1
configure: failed program was:
| /* confdefs.h */
| #define PACKAGE_NAME "smartmontools"
| #define PACKAGE_TARNAME "smartmontools"
| #define PACKAGE_VERSION "6.3"
| #define PACKAGE_STRING "smartmontools 6.3"
| #define PACKAGE_BUGREPORT "smartmontools-support@lists.sourceforge.net"
| #define PACKAGE_URL ""
| #define SMARTMONTOOLS_CONFIGURE_ARGS " '--host=arm-linux' '--build=x86_64-suse-linux' '--prefix=/usr' 'build_alias=x86_64-suse-linux' 'host_alias=arm-linux' 'LDFLAGS=-static' 'CC=arm-brcm-linux-uclibcgnueabi-gcc' 'CFLAGS=-DBCMWPA2 -DBCMQOS -DBCM_DCS -DEXT_ACS -DD11AC_IOTYPES -DNAS_GTK_PER_STA -DPHYMON -DPROXYARP -DTRAFFIC_MGMT -DTRAFFIC_MGMT_RSSI_POLICY -DLINUX26 -DCONFIG_BCMWL5 -DCONFIG_BCMWL6 -DCONFIG_BCMWL6A -DPART_JFFS2_GAP=0UL -pipe -fno-strict-aliasing -DBCMWPA2 -DBCMARM -marm  -DTCONFIG_NVRAM_64K -DLINUX_KERNEL_VERSION=132644 -O2 -D__CONFIG_EMF__'"
| #define SMARTMONTOOLS_RELEASE_DATE "2014-07-26"
| #define SMARTMONTOOLS_RELEASE_TIME "09:49:11 UTC"
| #define CONFIG_H_CVSID "$Id: configure.ac 3976 2014-07-26 09:50:09Z chrfranke $"
| #define PACKAGE_HOMEPAGE "http://smartmontools.sourceforge.net/"
| #define PACKAGE "smartmontools"
| #define VERSION "6.3"
| #define STDC_HEADERS 1
| #define HAVE_SYS_TYPES_H 1
| #define HAVE_SYS_STAT_H 1
| #define HAVE_STDLIB_H 1
| #define HAVE_STRING_H 1
| #define HAVE_MEMORY_H 1
| #define HAVE_STRINGS_H 1
| #define HAVE_INTTYPES_H 1
| #define HAVE_STDINT_H 1
| #define HAVE_UNISTD_H 1
| #define HAVE_LOCALE_H 1
| #define HAVE_NETDB_H 1
| #define HAVE_INTTYPES_H 1
| #define HAVE_STDINT_H 1
| /* end confdefs.h.  */
| #include <sys/tw_osl_ioctl.h>
configure:5581: result: no
configure:5581: checking for sys/tw_osl_ioctl.h
configure:5581: result: no
configure:5593: checking linux/compiler.h usability
configure:5593: arm-linux-g++ -c -g -O2  conftest.cpp >&5
conftest.cpp:63:28: fatal error: linux/compiler.h: No such file or directory
compilation terminated.
configure:5593: $? = 1
configure: failed program was:
| /* confdefs.h */
| #define PACKAGE_NAME "smartmontools"
| #define PACKAGE_TARNAME "smartmontools"
| #define PACKAGE_VERSION "6.3"
| #define PACKAGE_STRING "smartmontools 6.3"
| #define PACKAGE_BUGREPORT "smartmontools-support@lists.sourceforge.net"
| #define PACKAGE_URL ""
| #define SMARTMONTOOLS_CONFIGURE_ARGS " '--host=arm-linux' '--build=x86_64-suse-linux' '--prefix=/usr' 'build_alias=x86_64-suse-linux' 'host_alias=arm-linux' 'LDFLAGS=-static' 'CC=arm-brcm-linux-uclibcgnueabi-gcc' 'CFLAGS=-DBCMWPA2 -DBCMQOS -DBCM_DCS -DEXT_ACS -DD11AC_IOTYPES -DNAS_GTK_PER_STA -DPHYMON -DPROXYARP -DTRAFFIC_MGMT -DTRAFFIC_MGMT_RSSI_POLICY -DLINUX26 -DCONFIG_BCMWL5 -DCONFIG_BCMWL6 -DCONFIG_BCMWL6A -DPART_JFFS2_GAP=0UL -pipe -fno-strict-aliasing -DBCMWPA2 -DBCMARM -marm  -DTCONFIG_NVRAM_64K -DLINUX_KERNEL_VERSION=132644 -O2 -D__CONFIG_EMF__'"
| #define SMARTMONTOOLS_RELEASE_DATE "2014-07-26"
| #define SMARTMONTOOLS_RELEASE_TIME "09:49:11 UTC"
| #define CONFIG_H_CVSID "$Id: configure.ac 3976 2014-07-26 09:50:09Z chrfranke $"
| #define PACKAGE_HOMEPAGE "http://smartmontools.sourceforge.net/"
| #define PACKAGE "smartmontools"
| #define VERSION "6.3"
| #define STDC_HEADERS 1
| #define HAVE_SYS_TYPES_H 1
| #define HAVE_SYS_STAT_H 1
| #define HAVE_STDLIB_H 1
| #define HAVE_STRING_H 1
| #define HAVE_MEMORY_H 1
| #define HAVE_STRINGS_H 1
| #define HAVE_INTTYPES_H 1
| #define HAVE_STDINT_H 1
| #define HAVE_UNISTD_H 1
| #define HAVE_LOCALE_H 1
| #define HAVE_NETDB_H 1
| #define HAVE_INTTYPES_H 1
| #define HAVE_STDINT_H 1
| /* end confdefs.h.  */
| #include <stdio.h>
| #ifdef HAVE_SYS_TYPES_H
| # include <sys/types.h>
| #endif
| #ifdef HAVE_SYS_STAT_H
| # include <sys/stat.h>
| #endif
| #ifdef STDC_HEADERS
| # include <stdlib.h>
| # include <stddef.h>
| #else
| # ifdef HAVE_STDLIB_H
| #  include <stdlib.h>
| # endif
| #endif
| #ifdef HAVE_STRING_H
| # if !defined STDC_HEADERS && defined HAVE_MEMORY_H
| #  include <memory.h>
| # endif
| # include <string.h>
| #endif
| #ifdef HAVE_STRINGS_H
| # include <strings.h>
| #endif
| #ifdef HAVE_INTTYPES_H
| # include <inttypes.h>
| #endif
| #ifdef HAVE_STDINT_H
| # include <stdint.h>
| #endif
| #ifdef HAVE_UNISTD_H
| # include <unistd.h>
| #endif
| #include <linux/compiler.h>
configure:5593: result: no
configure:5593: checking linux/compiler.h presence
configure:5593: arm-linux-g++ -E  conftest.cpp
conftest.cpp:30:28: fatal error: linux/compiler.h: No such file or directory
compilation terminated.
configure:5593: $? = 1
configure: failed program was:
| /* confdefs.h */
| #define PACKAGE_NAME "smartmontools"
| #define PACKAGE_TARNAME "smartmontools"
| #define PACKAGE_VERSION "6.3"
| #define PACKAGE_STRING "smartmontools 6.3"
| #define PACKAGE_BUGREPORT "smartmontools-support@lists.sourceforge.net"
| #define PACKAGE_URL ""
| #define SMARTMONTOOLS_CONFIGURE_ARGS " '--host=arm-linux' '--build=x86_64-suse-linux' '--prefix=/usr' 'build_alias=x86_64-suse-linux' 'host_alias=arm-linux' 'LDFLAGS=-static' 'CC=arm-brcm-linux-uclibcgnueabi-gcc' 'CFLAGS=-DBCMWPA2 -DBCMQOS -DBCM_DCS -DEXT_ACS -DD11AC_IOTYPES -DNAS_GTK_PER_STA -DPHYMON -DPROXYARP -DTRAFFIC_MGMT -DTRAFFIC_MGMT_RSSI_POLICY -DLINUX26 -DCONFIG_BCMWL5 -DCONFIG_BCMWL6 -DCONFIG_BCMWL6A -DPART_JFFS2_GAP=0UL -pipe -fno-strict-aliasing -DBCMWPA2 -DBCMARM -marm  -DTCONFIG_NVRAM_64K -DLINUX_KERNEL_VERSION=132644 -O2 -D__CONFIG_EMF__'"
| #define SMARTMONTOOLS_RELEASE_DATE "2014-07-26"
| #define SMARTMONTOOLS_RELEASE_TIME "09:49:11 UTC"
| #define CONFIG_H_CVSID "$Id: configure.ac 3976 2014-07-26 09:50:09Z chrfranke $"
| #define PACKAGE_HOMEPAGE "http://smartmontools.sourceforge.net/"
| #define PACKAGE "smartmontools"
| #define VERSION "6.3"
| #define STDC_HEADERS 1
| #define HAVE_SYS_TYPES_H 1
| #define HAVE_SYS_STAT_H 1
| #define HAVE_STDLIB_H 1
| #define HAVE_STRING_H 1
| #define HAVE_MEMORY_H 1
| #define HAVE_STRINGS_H 1
| #define HAVE_INTTYPES_H 1
| #define HAVE_STDINT_H 1
| #define HAVE_UNISTD_H 1
| #define HAVE_LOCALE_H 1
| #define HAVE_NETDB_H 1
| #define HAVE_INTTYPES_H 1
| #define HAVE_STDINT_H 1
| /* end confdefs.h.  */
| #include <linux/compiler.h>
configure:5593: result: no
configure:5593: checking for linux/compiler.h
configure:5593: result: no
configure:5605: checking dev/ciss/cissio.h usability
configure:5605: arm-linux-g++ -c -g -O2  conftest.cpp >&5
conftest.cpp:63:29: fatal error: dev/ciss/cissio.h: No such file or directory
compilation terminated.
configure:5605: $? = 1
configure: failed program was:
| /* confdefs.h */
| #define PACKAGE_NAME "smartmontools"
| #define PACKAGE_TARNAME "smartmontools"
| #define PACKAGE_VERSION "6.3"
| #define PACKAGE_STRING "smartmontools 6.3"
| #define PACKAGE_BUGREPORT "smartmontools-support@lists.sourceforge.net"
| #define PACKAGE_URL ""
| #define SMARTMONTOOLS_CONFIGURE_ARGS " '--host=arm-linux' '--build=x86_64-suse-linux' '--prefix=/usr' 'build_alias=x86_64-suse-linux' 'host_alias=arm-linux' 'LDFLAGS=-static' 'CC=arm-brcm-linux-uclibcgnueabi-gcc' 'CFLAGS=-DBCMWPA2 -DBCMQOS -DBCM_DCS -DEXT_ACS -DD11AC_IOTYPES -DNAS_GTK_PER_STA -DPHYMON -DPROXYARP -DTRAFFIC_MGMT -DTRAFFIC_MGMT_RSSI_POLICY -DLINUX26 -DCONFIG_BCMWL5 -DCONFIG_BCMWL6 -DCONFIG_BCMWL6A -DPART_JFFS2_GAP=0UL -pipe -fno-strict-aliasing -DBCMWPA2 -DBCMARM -marm  -DTCONFIG_NVRAM_64K -DLINUX_KERNEL_VERSION=132644 -O2 -D__CONFIG_EMF__'"
| #define SMARTMONTOOLS_RELEASE_DATE "2014-07-26"
| #define SMARTMONTOOLS_RELEASE_TIME "09:49:11 UTC"
| #define CONFIG_H_CVSID "$Id: configure.ac 3976 2014-07-26 09:50:09Z chrfranke $"
| #define PACKAGE_HOMEPAGE "http://smartmontools.sourceforge.net/"
| #define PACKAGE "smartmontools"
| #define VERSION "6.3"
| #define STDC_HEADERS 1
| #define HAVE_SYS_TYPES_H 1
| #define HAVE_SYS_STAT_H 1
| #define HAVE_STDLIB_H 1
| #define HAVE_STRING_H 1
| #define HAVE_MEMORY_H 1
| #define HAVE_STRINGS_H 1
| #define HAVE_INTTYPES_H 1
| #define HAVE_STDINT_H 1
| #define HAVE_UNISTD_H 1
| #define HAVE_LOCALE_H 1
| #define HAVE_NETDB_H 1
| #define HAVE_INTTYPES_H 1
| #define HAVE_STDINT_H 1
| /* end confdefs.h.  */
| #include <stdio.h>
| #ifdef HAVE_SYS_TYPES_H
| # include <sys/types.h>
| #endif
| #ifdef HAVE_SYS_STAT_H
| # include <sys/stat.h>
| #endif
| #ifdef STDC_HEADERS
| # include <stdlib.h>
| # include <stddef.h>
| #else
| # ifdef HAVE_STDLIB_H
| #  include <stdlib.h>
| # endif
| #endif
| #ifdef HAVE_STRING_H
| # if !defined STDC_HEADERS && defined HAVE_MEMORY_H
| #  include <memory.h>
| # endif
| # include <string.h>
| #endif
| #ifdef HAVE_STRINGS_H
| # include <strings.h>
| #endif
| #ifdef HAVE_INTTYPES_H
| # include <inttypes.h>
| #endif
| #ifdef HAVE_STDINT_H
| # include <stdint.h>
| #endif
| #ifdef HAVE_UNISTD_H
| # include <unistd.h>
| #endif
| #include <dev/ciss/cissio.h>
configure:5605: result: no
configure:5605: checking dev/ciss/cissio.h presence
configure:5605: arm-linux-g++ -E  conftest.cpp
conftest.cpp:30:29: fatal error: dev/ciss/cissio.h: No such file or directory
compilation terminated.
configure:5605: $? = 1
configure: failed program was:
| /* confdefs.h */
| #define PACKAGE_NAME "smartmontools"
| #define PACKAGE_TARNAME "smartmontools"
| #define PACKAGE_VERSION "6.3"
| #define PACKAGE_STRING "smartmontools 6.3"
| #define PACKAGE_BUGREPORT "smartmontools-support@lists.sourceforge.net"
| #define PACKAGE_URL ""
| #define SMARTMONTOOLS_CONFIGURE_ARGS " '--host=arm-linux' '--build=x86_64-suse-linux' '--prefix=/usr' 'build_alias=x86_64-suse-linux' 'host_alias=arm-linux' 'LDFLAGS=-static' 'CC=arm-brcm-linux-uclibcgnueabi-gcc' 'CFLAGS=-DBCMWPA2 -DBCMQOS -DBCM_DCS -DEXT_ACS -DD11AC_IOTYPES -DNAS_GTK_PER_STA -DPHYMON -DPROXYARP -DTRAFFIC_MGMT -DTRAFFIC_MGMT_RSSI_POLICY -DLINUX26 -DCONFIG_BCMWL5 -DCONFIG_BCMWL6 -DCONFIG_BCMWL6A -DPART_JFFS2_GAP=0UL -pipe -fno-strict-aliasing -DBCMWPA2 -DBCMARM -marm  -DTCONFIG_NVRAM_64K -DLINUX_KERNEL_VERSION=132644 -O2 -D__CONFIG_EMF__'"
| #define SMARTMONTOOLS_RELEASE_DATE "2014-07-26"
| #define SMARTMONTOOLS_RELEASE_TIME "09:49:11 UTC"
| #define CONFIG_H_CVSID "$Id: configure.ac 3976 2014-07-26 09:50:09Z chrfranke $"
| #define PACKAGE_HOMEPAGE "http://smartmontools.sourceforge.net/"
| #define PACKAGE "smartmontools"
| #define VERSION "6.3"
| #define STDC_HEADERS 1
| #define HAVE_SYS_TYPES_H 1
| #define HAVE_SYS_STAT_H 1
| #define HAVE_STDLIB_H 1
| #define HAVE_STRING_H 1
| #define HAVE_MEMORY_H 1
| #define HAVE_STRINGS_H 1
| #define HAVE_INTTYPES_H 1
| #define HAVE_STDINT_H 1
| #define HAVE_UNISTD_H 1
| #define HAVE_LOCALE_H 1
| #define HAVE_NETDB_H 1
| #define HAVE_INTTYPES_H 1
| #define HAVE_STDINT_H 1
| /* end confdefs.h.  */
| #include <dev/ciss/cissio.h>
configure:5605: result: no
configure:5605: checking for dev/ciss/cissio.h
configure:5605: result: no
configure:5624: checking for linux/cciss_ioctl.h
configure:5624: arm-linux-g++ -c -g -O2  conftest.cpp >&5
configure:5624: $? = 0
configure:5624: result: yes
configure:5642: checking for ntdddisk.h
configure:5642: arm-linux-g++ -c -g -O2  conftest.cpp >&5
conftest.cpp:65:21: fatal error: windows.h: No such file or directory
compilation terminated.
configure:5642: $? = 1
configure: failed program was:
| /* confdefs.h */
| #define PACKAGE_NAME "smartmontools"
| #define PACKAGE_TARNAME "smartmontools"
| #define PACKAGE_VERSION "6.3"
| #define PACKAGE_STRING "smartmontools 6.3"
| #define PACKAGE_BUGREPORT "smartmontools-support@lists.sourceforge.net"
| #define PACKAGE_URL ""
| #define SMARTMONTOOLS_CONFIGURE_ARGS " '--host=arm-linux' '--build=x86_64-suse-linux' '--prefix=/usr' 'build_alias=x86_64-suse-linux' 'host_alias=arm-linux' 'LDFLAGS=-static' 'CC=arm-brcm-linux-uclibcgnueabi-gcc' 'CFLAGS=-DBCMWPA2 -DBCMQOS -DBCM_DCS -DEXT_ACS -DD11AC_IOTYPES -DNAS_GTK_PER_STA -DPHYMON -DPROXYARP -DTRAFFIC_MGMT -DTRAFFIC_MGMT_RSSI_POLICY -DLINUX26 -DCONFIG_BCMWL5 -DCONFIG_BCMWL6 -DCONFIG_BCMWL6A -DPART_JFFS2_GAP=0UL -pipe -fno-strict-aliasing -DBCMWPA2 -DBCMARM -marm  -DTCONFIG_NVRAM_64K -DLINUX_KERNEL_VERSION=132644 -O2 -D__CONFIG_EMF__'"
| #define SMARTMONTOOLS_RELEASE_DATE "2014-07-26"
| #define SMARTMONTOOLS_RELEASE_TIME "09:49:11 UTC"
| #define CONFIG_H_CVSID "$Id: configure.ac 3976 2014-07-26 09:50:09Z chrfranke $"
| #define PACKAGE_HOMEPAGE "http://smartmontools.sourceforge.net/"
| #define PACKAGE "smartmontools"
| #define VERSION "6.3"
| #define STDC_HEADERS 1
| #define HAVE_SYS_TYPES_H 1
| #define HAVE_SYS_STAT_H 1
| #define HAVE_STDLIB_H 1
| #define HAVE_STRING_H 1
| #define HAVE_MEMORY_H 1
| #define HAVE_STRINGS_H 1
| #define HAVE_INTTYPES_H 1
| #define HAVE_STDINT_H 1
| #define HAVE_UNISTD_H 1
| #define HAVE_LOCALE_H 1
| #define HAVE_NETDB_H 1
| #define HAVE_INTTYPES_H 1
| #define HAVE_STDINT_H 1
| #define CISS_LOCATION "cissio_freebsd.h"
| #define HAVE_LINUX_CCISS_IOCTL_H 1
| /* end confdefs.h.  */
| #include <stdio.h>
| #ifdef HAVE_SYS_TYPES_H
| # include <sys/types.h>
| #endif
| #ifdef HAVE_SYS_STAT_H
| # include <sys/stat.h>
| #endif
| #ifdef STDC_HEADERS
| # include <stdlib.h>
| # include <stddef.h>
| #else
| # ifdef HAVE_STDLIB_H
| #  include <stdlib.h>
| # endif
| #endif
| #ifdef HAVE_STRING_H
| # if !defined STDC_HEADERS && defined HAVE_MEMORY_H
| #  include <memory.h>
| # endif
| # include <string.h>
| #endif
| #ifdef HAVE_STRINGS_H
| # include <strings.h>
| #endif
| #ifdef HAVE_INTTYPES_H
| # include <inttypes.h>
| #endif
| #ifdef HAVE_STDINT_H
| # include <stdint.h>
| #endif
| #ifdef HAVE_UNISTD_H
| # include <unistd.h>
| #endif
| #include <windows.h>
| 
| 
| #include <ntdddisk.h>
configure:5642: result: no
configure:5642: checking for ddk/ntdddisk.h
configure:5642: arm-linux-g++ -c -g -O2  conftest.cpp >&5
conftest.cpp:65:21: fatal error: windows.h: No such file or directory
compilation terminated.
configure:5642: $? = 1
configure: failed program was:
| /* confdefs.h */
| #define PACKAGE_NAME "smartmontools"
| #define PACKAGE_TARNAME "smartmontools"
| #define PACKAGE_VERSION "6.3"
| #define PACKAGE_STRING "smartmontools 6.3"
| #define PACKAGE_BUGREPORT "smartmontools-support@lists.sourceforge.net"
| #define PACKAGE_URL ""
| #define SMARTMONTOOLS_CONFIGURE_ARGS " '--host=arm-linux' '--build=x86_64-suse-linux' '--prefix=/usr' 'build_alias=x86_64-suse-linux' 'host_alias=arm-linux' 'LDFLAGS=-static' 'CC=arm-brcm-linux-uclibcgnueabi-gcc' 'CFLAGS=-DBCMWPA2 -DBCMQOS -DBCM_DCS -DEXT_ACS -DD11AC_IOTYPES -DNAS_GTK_PER_STA -DPHYMON -DPROXYARP -DTRAFFIC_MGMT -DTRAFFIC_MGMT_RSSI_POLICY -DLINUX26 -DCONFIG_BCMWL5 -DCONFIG_BCMWL6 -DCONFIG_BCMWL6A -DPART_JFFS2_GAP=0UL -pipe -fno-strict-aliasing -DBCMWPA2 -DBCMARM -marm  -DTCONFIG_NVRAM_64K -DLINUX_KERNEL_VERSION=132644 -O2 -D__CONFIG_EMF__'"
| #define SMARTMONTOOLS_RELEASE_DATE "2014-07-26"
| #define SMARTMONTOOLS_RELEASE_TIME "09:49:11 UTC"
| #define CONFIG_H_CVSID "$Id: configure.ac 3976 2014-07-26 09:50:09Z chrfranke $"
| #define PACKAGE_HOMEPAGE "http://smartmontools.sourceforge.net/"
| #define PACKAGE "smartmontools"
| #define VERSION "6.3"
| #define STDC_HEADERS 1
| #define HAVE_SYS_TYPES_H 1
| #define HAVE_SYS_STAT_H 1
| #define HAVE_STDLIB_H 1
| #define HAVE_STRING_H 1
| #define HAVE_MEMORY_H 1
| #define HAVE_STRINGS_H 1
| #define HAVE_INTTYPES_H 1
| #define HAVE_STDINT_H 1
| #define HAVE_UNISTD_H 1
| #define HAVE_LOCALE_H 1
| #define HAVE_NETDB_H 1
| #define HAVE_INTTYPES_H 1
| #define HAVE_STDINT_H 1
| #define CISS_LOCATION "cissio_freebsd.h"
| #define HAVE_LINUX_CCISS_IOCTL_H 1
| /* end confdefs.h.  */
| #include <stdio.h>
| #ifdef HAVE_SYS_TYPES_H
| # include <sys/types.h>
| #endif
| #ifdef HAVE_SYS_STAT_H
| # include <sys/stat.h>
| #endif
| #ifdef STDC_HEADERS
| # include <stdlib.h>
| # include <stddef.h>
| #else
| # ifdef HAVE_STDLIB_H
| #  include <stdlib.h>
| # endif
| #endif
| #ifdef HAVE_STRING_H
| # if !defined STDC_HEADERS && defined HAVE_MEMORY_H
| #  include <memory.h>
| # endif
| # include <string.h>
| #endif
| #ifdef HAVE_STRINGS_H
| # include <strings.h>
| #endif
| #ifdef HAVE_INTTYPES_H
| # include <inttypes.h>
| #endif
| #ifdef HAVE_STDINT_H
| # include <stdint.h>
| #endif
| #ifdef HAVE_UNISTD_H
| # include <unistd.h>
| #endif
| #include <windows.h>
| 
| 
| #include <ddk/ntdddisk.h>
configure:5642: result: no
configure:5657: checking wbemcli.h usability
configure:5657: arm-linux-g++ -c -g -O2  conftest.cpp >&5
conftest.cpp:65:21: fatal error: wbemcli.h: No such file or directory
compilation terminated.
configure:5657: $? = 1
configure: failed program was:
| /* confdefs.h */
| #define PACKAGE_NAME "smartmontools"
| #define PACKAGE_TARNAME "smartmontools"
| #define PACKAGE_VERSION "6.3"
| #define PACKAGE_STRING "smartmontools 6.3"
| #define PACKAGE_BUGREPORT "smartmontools-support@lists.sourceforge.net"
| #define PACKAGE_URL ""
| #define SMARTMONTOOLS_CONFIGURE_ARGS " '--host=arm-linux' '--build=x86_64-suse-linux' '--prefix=/usr' 'build_alias=x86_64-suse-linux' 'host_alias=arm-linux' 'LDFLAGS=-static' 'CC=arm-brcm-linux-uclibcgnueabi-gcc' 'CFLAGS=-DBCMWPA2 -DBCMQOS -DBCM_DCS -DEXT_ACS -DD11AC_IOTYPES -DNAS_GTK_PER_STA -DPHYMON -DPROXYARP -DTRAFFIC_MGMT -DTRAFFIC_MGMT_RSSI_POLICY -DLINUX26 -DCONFIG_BCMWL5 -DCONFIG_BCMWL6 -DCONFIG_BCMWL6A -DPART_JFFS2_GAP=0UL -pipe -fno-strict-aliasing -DBCMWPA2 -DBCMARM -marm  -DTCONFIG_NVRAM_64K -DLINUX_KERNEL_VERSION=132644 -O2 -D__CONFIG_EMF__'"
| #define SMARTMONTOOLS_RELEASE_DATE "2014-07-26"
| #define SMARTMONTOOLS_RELEASE_TIME "09:49:11 UTC"
| #define CONFIG_H_CVSID "$Id: configure.ac 3976 2014-07-26 09:50:09Z chrfranke $"
| #define PACKAGE_HOMEPAGE "http://smartmontools.sourceforge.net/"
| #define PACKAGE "smartmontools"
| #define VERSION "6.3"
| #define STDC_HEADERS 1
| #define HAVE_SYS_TYPES_H 1
| #define HAVE_SYS_STAT_H 1
| #define HAVE_STDLIB_H 1
| #define HAVE_STRING_H 1
| #define HAVE_MEMORY_H 1
| #define HAVE_STRINGS_H 1
| #define HAVE_INTTYPES_H 1
| #define HAVE_STDINT_H 1
| #define HAVE_UNISTD_H 1
| #define HAVE_LOCALE_H 1
| #define HAVE_NETDB_H 1
| #define HAVE_INTTYPES_H 1
| #define HAVE_STDINT_H 1
| #define CISS_LOCATION "cissio_freebsd.h"
| #define HAVE_LINUX_CCISS_IOCTL_H 1
| /* end confdefs.h.  */
| #include <stdio.h>
| #ifdef HAVE_SYS_TYPES_H
| # include <sys/types.h>
| #endif
| #ifdef HAVE_SYS_STAT_H
| # include <sys/stat.h>
| #endif
| #ifdef STDC_HEADERS
| # include <stdlib.h>
| # include <stddef.h>
| #else
| # ifdef HAVE_STDLIB_H
| #  include <stdlib.h>
| # endif
| #endif
| #ifdef HAVE_STRING_H
| # if !defined STDC_HEADERS && defined HAVE_MEMORY_H
| #  include <memory.h>
| # endif
| # include <string.h>
| #endif
| #ifdef HAVE_STRINGS_H
| # include <strings.h>
| #endif
| #ifdef HAVE_INTTYPES_H
| # include <inttypes.h>
| #endif
| #ifdef HAVE_STDINT_H
| # include <stdint.h>
| #endif
| #ifdef HAVE_UNISTD_H
| # include <unistd.h>
| #endif
| #include <wbemcli.h>
configure:5657: result: no
configure:5657: checking wbemcli.h presence
configure:5657: arm-linux-g++ -E  conftest.cpp
conftest.cpp:32:21: fatal error: wbemcli.h: No such file or directory
compilation terminated.
configure:5657: $? = 1
configure: failed program was:
| /* confdefs.h */
| #define PACKAGE_NAME "smartmontools"
| #define PACKAGE_TARNAME "smartmontools"
| #define PACKAGE_VERSION "6.3"
| #define PACKAGE_STRING "smartmontools 6.3"
| #define PACKAGE_BUGREPORT "smartmontools-support@lists.sourceforge.net"
| #define PACKAGE_URL ""
| #define SMARTMONTOOLS_CONFIGURE_ARGS " '--host=arm-linux' '--build=x86_64-suse-linux' '--prefix=/usr' 'build_alias=x86_64-suse-linux' 'host_alias=arm-linux' 'LDFLAGS=-static' 'CC=arm-brcm-linux-uclibcgnueabi-gcc' 'CFLAGS=-DBCMWPA2 -DBCMQOS -DBCM_DCS -DEXT_ACS -DD11AC_IOTYPES -DNAS_GTK_PER_STA -DPHYMON -DPROXYARP -DTRAFFIC_MGMT -DTRAFFIC_MGMT_RSSI_POLICY -DLINUX26 -DCONFIG_BCMWL5 -DCONFIG_BCMWL6 -DCONFIG_BCMWL6A -DPART_JFFS2_GAP=0UL -pipe -fno-strict-aliasing -DBCMWPA2 -DBCMARM -marm  -DTCONFIG_NVRAM_64K -DLINUX_KERNEL_VERSION=132644 -O2 -D__CONFIG_EMF__'"
| #define SMARTMONTOOLS_RELEASE_DATE "2014-07-26"
| #define SMARTMONTOOLS_RELEASE_TIME "09:49:11 UTC"
| #define CONFIG_H_CVSID "$Id: configure.ac 3976 2014-07-26 09:50:09Z chrfranke $"
| #define PACKAGE_HOMEPAGE "http://smartmontools.sourceforge.net/"
| #define PACKAGE "smartmontools"
| #define VERSION "6.3"
| #define STDC_HEADERS 1
| #define HAVE_SYS_TYPES_H 1
| #define HAVE_SYS_STAT_H 1
| #define HAVE_STDLIB_H 1
| #define HAVE_STRING_H 1
| #define HAVE_MEMORY_H 1
| #define HAVE_STRINGS_H 1
| #define HAVE_INTTYPES_H 1
| #define HAVE_STDINT_H 1
| #define HAVE_UNISTD_H 1
| #define HAVE_LOCALE_H 1
| #define HAVE_NETDB_H 1
| #define HAVE_INTTYPES_H 1
| #define HAVE_STDINT_H 1
| #define CISS_LOCATION "cissio_freebsd.h"
| #define HAVE_LINUX_CCISS_IOCTL_H 1
| /* end confdefs.h.  */
| #include <wbemcli.h>
configure:5657: result: no
configure:5657: checking for wbemcli.h
configure:5657: result: no
configure:5668: checking for int64_t
configure:5668: arm-linux-g++ -c -g -O2  conftest.cpp >&5
configure:5668: $? = 0
configure:5668: arm-linux-g++ -c -g -O2  conftest.cpp >&5
conftest.cpp: In function 'int main()':
conftest.cpp:68:21: error: expected primary-expression before ')' token
configure:5668: $? = 1
configure: failed program was:
| /* confdefs.h */
| #define PACKAGE_NAME "smartmontools"
| #define PACKAGE_TARNAME "smartmontools"
| #define PACKAGE_VERSION "6.3"
| #define PACKAGE_STRING "smartmontools 6.3"
| #define PACKAGE_BUGREPORT "smartmontools-support@lists.sourceforge.net"
| #define PACKAGE_URL ""
| #define SMARTMONTOOLS_CONFIGURE_ARGS " '--host=arm-linux' '--build=x86_64-suse-linux' '--prefix=/usr' 'build_alias=x86_64-suse-linux' 'host_alias=arm-linux' 'LDFLAGS=-static' 'CC=arm-brcm-linux-uclibcgnueabi-gcc' 'CFLAGS=-DBCMWPA2 -DBCMQOS -DBCM_DCS -DEXT_ACS -DD11AC_IOTYPES -DNAS_GTK_PER_STA -DPHYMON -DPROXYARP -DTRAFFIC_MGMT -DTRAFFIC_MGMT_RSSI_POLICY -DLINUX26 -DCONFIG_BCMWL5 -DCONFIG_BCMWL6 -DCONFIG_BCMWL6A -DPART_JFFS2_GAP=0UL -pipe -fno-strict-aliasing -DBCMWPA2 -DBCMARM -marm  -DTCONFIG_NVRAM_64K -DLINUX_KERNEL_VERSION=132644 -O2 -D__CONFIG_EMF__'"
| #define SMARTMONTOOLS_RELEASE_DATE "2014-07-26"
| #define SMARTMONTOOLS_RELEASE_TIME "09:49:11 UTC"
| #define CONFIG_H_CVSID "$Id: configure.ac 3976 2014-07-26 09:50:09Z chrfranke $"
| #define PACKAGE_HOMEPAGE "http://smartmontools.sourceforge.net/"
| #define PACKAGE "smartmontools"
| #define VERSION "6.3"
| #define STDC_HEADERS 1
| #define HAVE_SYS_TYPES_H 1
| #define HAVE_SYS_STAT_H 1
| #define HAVE_STDLIB_H 1
| #define HAVE_STRING_H 1
| #define HAVE_MEMORY_H 1
| #define HAVE_STRINGS_H 1
| #define HAVE_INTTYPES_H 1
| #define HAVE_STDINT_H 1
| #define HAVE_UNISTD_H 1
| #define HAVE_LOCALE_H 1
| #define HAVE_NETDB_H 1
| #define HAVE_INTTYPES_H 1
| #define HAVE_STDINT_H 1
| #define CISS_LOCATION "cissio_freebsd.h"
| #define HAVE_LINUX_CCISS_IOCTL_H 1
| /* end confdefs.h.  */
| #include <stdio.h>
| #ifdef HAVE_SYS_TYPES_H
| # include <sys/types.h>
| #endif
| #ifdef HAVE_SYS_STAT_H
| # include <sys/stat.h>
| #endif
| #ifdef STDC_HEADERS
| # include <stdlib.h>
| # include <stddef.h>
| #else
| # ifdef HAVE_STDLIB_H
| #  include <stdlib.h>
| # endif
| #endif
| #ifdef HAVE_STRING_H
| # if !defined STDC_HEADERS && defined HAVE_MEMORY_H
| #  include <memory.h>
| # endif
| # include <string.h>
| #endif
| #ifdef HAVE_STRINGS_H
| # include <strings.h>
| #endif
| #ifdef HAVE_INTTYPES_H
| # include <inttypes.h>
| #endif
| #ifdef HAVE_STDINT_H
| # include <stdint.h>
| #endif
| #ifdef HAVE_UNISTD_H
| # include <unistd.h>
| #endif
| int
| main ()
| {
| if (sizeof ((int64_t)))
| 	    return 0;
|   ;
|   return 0;
| }
configure:5668: result: yes
configure:5677: checking for uint64_t
configure:5677: arm-linux-g++ -c -g -O2  conftest.cpp >&5
configure:5677: $? = 0
configure:5677: arm-linux-g++ -c -g -O2  conftest.cpp >&5
conftest.cpp: In function 'int main()':
conftest.cpp:69:22: error: expected primary-expression before ')' token
configure:5677: $? = 1
configure: failed program was:
| /* confdefs.h */
| #define PACKAGE_NAME "smartmontools"
| #define PACKAGE_TARNAME "smartmontools"
| #define PACKAGE_VERSION "6.3"
| #define PACKAGE_STRING "smartmontools 6.3"
| #define PACKAGE_BUGREPORT "smartmontools-support@lists.sourceforge.net"
| #define PACKAGE_URL ""
| #define SMARTMONTOOLS_CONFIGURE_ARGS " '--host=arm-linux' '--build=x86_64-suse-linux' '--prefix=/usr' 'build_alias=x86_64-suse-linux' 'host_alias=arm-linux' 'LDFLAGS=-static' 'CC=arm-brcm-linux-uclibcgnueabi-gcc' 'CFLAGS=-DBCMWPA2 -DBCMQOS -DBCM_DCS -DEXT_ACS -DD11AC_IOTYPES -DNAS_GTK_PER_STA -DPHYMON -DPROXYARP -DTRAFFIC_MGMT -DTRAFFIC_MGMT_RSSI_POLICY -DLINUX26 -DCONFIG_BCMWL5 -DCONFIG_BCMWL6 -DCONFIG_BCMWL6A -DPART_JFFS2_GAP=0UL -pipe -fno-strict-aliasing -DBCMWPA2 -DBCMARM -marm  -DTCONFIG_NVRAM_64K -DLINUX_KERNEL_VERSION=132644 -O2 -D__CONFIG_EMF__'"
| #define SMARTMONTOOLS_RELEASE_DATE "2014-07-26"
| #define SMARTMONTOOLS_RELEASE_TIME "09:49:11 UTC"
| #define CONFIG_H_CVSID "$Id: configure.ac 3976 2014-07-26 09:50:09Z chrfranke $"
| #define PACKAGE_HOMEPAGE "http://smartmontools.sourceforge.net/"
| #define PACKAGE "smartmontools"
| #define VERSION "6.3"
| #define STDC_HEADERS 1
| #define HAVE_SYS_TYPES_H 1
| #define HAVE_SYS_STAT_H 1
| #define HAVE_STDLIB_H 1
| #define HAVE_STRING_H 1
| #define HAVE_MEMORY_H 1
| #define HAVE_STRINGS_H 1
| #define HAVE_INTTYPES_H 1
| #define HAVE_STDINT_H 1
| #define HAVE_UNISTD_H 1
| #define HAVE_LOCALE_H 1
| #define HAVE_NETDB_H 1
| #define HAVE_INTTYPES_H 1
| #define HAVE_STDINT_H 1
| #define CISS_LOCATION "cissio_freebsd.h"
| #define HAVE_LINUX_CCISS_IOCTL_H 1
| #define HAVE_INT64_T 1
| /* end confdefs.h.  */
| #include <stdio.h>
| #ifdef HAVE_SYS_TYPES_H
| # include <sys/types.h>
| #endif
| #ifdef HAVE_SYS_STAT_H
| # include <sys/stat.h>
| #endif
| #ifdef STDC_HEADERS
| # include <stdlib.h>
| # include <stddef.h>
| #else
| # ifdef HAVE_STDLIB_H
| #  include <stdlib.h>
| # endif
| #endif
| #ifdef HAVE_STRING_H
| # if !defined STDC_HEADERS && defined HAVE_MEMORY_H
| #  include <memory.h>
| # endif
| # include <string.h>
| #endif
| #ifdef HAVE_STRINGS_H
| # include <strings.h>
| #endif
| #ifdef HAVE_INTTYPES_H
| # include <inttypes.h>
| #endif
| #ifdef HAVE_STDINT_H
| # include <stdint.h>
| #endif
| #ifdef HAVE_UNISTD_H
| # include <unistd.h>
| #endif
| int
| main ()
| {
| if (sizeof ((uint64_t)))
| 	    return 0;
|   ;
|   return 0;
| }
configure:5677: result: yes
configure:5690: checking for getopt_long
configure:5690: arm-linux-g++ -o conftest -g -O2  -static conftest.cpp  >&5
configure:5690: $? = 0
configure:5690: result: yes
configure:5711: checking for regcomp
configure:5711: arm-linux-g++ -o conftest -g -O2  -static conftest.cpp  >&5
configure:5711: $? = 0
configure:5711: result: yes
configure:5733: checking for sigset
configure:5733: arm-linux-g++ -o conftest -g -O2  -static conftest.cpp  >&5
/tmp/ccAM4qKi.o: In function `main':
/home/tomato-arm/release/src-rt-6.x.4708/router/smartmontools-6.3/conftest.cpp:70: undefined reference to `sigset'
collect2: ld returned 1 exit status
configure:5733: $? = 1
configure: failed program was:
| /* confdefs.h */
| #define PACKAGE_NAME "smartmontools"
| #define PACKAGE_TARNAME "smartmontools"
| #define PACKAGE_VERSION "6.3"
| #define PACKAGE_STRING "smartmontools 6.3"
| #define PACKAGE_BUGREPORT "smartmontools-support@lists.sourceforge.net"
| #define PACKAGE_URL ""
| #define SMARTMONTOOLS_CONFIGURE_ARGS " '--host=arm-linux' '--build=x86_64-suse-linux' '--prefix=/usr' 'build_alias=x86_64-suse-linux' 'host_alias=arm-linux' 'LDFLAGS=-static' 'CC=arm-brcm-linux-uclibcgnueabi-gcc' 'CFLAGS=-DBCMWPA2 -DBCMQOS -DBCM_DCS -DEXT_ACS -DD11AC_IOTYPES -DNAS_GTK_PER_STA -DPHYMON -DPROXYARP -DTRAFFIC_MGMT -DTRAFFIC_MGMT_RSSI_POLICY -DLINUX26 -DCONFIG_BCMWL5 -DCONFIG_BCMWL6 -DCONFIG_BCMWL6A -DPART_JFFS2_GAP=0UL -pipe -fno-strict-aliasing -DBCMWPA2 -DBCMARM -marm  -DTCONFIG_NVRAM_64K -DLINUX_KERNEL_VERSION=132644 -O2 -D__CONFIG_EMF__'"
| #define SMARTMONTOOLS_RELEASE_DATE "2014-07-26"
| #define SMARTMONTOOLS_RELEASE_TIME "09:49:11 UTC"
| #define CONFIG_H_CVSID "$Id: configure.ac 3976 2014-07-26 09:50:09Z chrfranke $"
| #define PACKAGE_HOMEPAGE "http://smartmontools.sourceforge.net/"
| #define PACKAGE "smartmontools"
| #define VERSION "6.3"
| #define STDC_HEADERS 1
| #define HAVE_SYS_TYPES_H 1
| #define HAVE_SYS_STAT_H 1
| #define HAVE_STDLIB_H 1
| #define HAVE_STRING_H 1
| #define HAVE_MEMORY_H 1
| #define HAVE_STRINGS_H 1
| #define HAVE_INTTYPES_H 1
| #define HAVE_STDINT_H 1
| #define HAVE_UNISTD_H 1
| #define HAVE_LOCALE_H 1
| #define HAVE_NETDB_H 1
| #define HAVE_INTTYPES_H 1
| #define HAVE_STDINT_H 1
| #define CISS_LOCATION "cissio_freebsd.h"
| #define HAVE_LINUX_CCISS_IOCTL_H 1
| #define HAVE_INT64_T 1
| #define HAVE_UINT64_T 1
| #define HAVE_GETOPT_LONG 1
| #define HAVE_REGCOMP 1
| /* end confdefs.h.  */
| /* Define sigset to an innocuous variant, in case <limits.h> declares sigset.
|    For example, HP-UX 11i <limits.h> declares gettimeofday.  */
| #define sigset innocuous_sigset
| 
| /* System header to define __stub macros and hopefully few prototypes,
|     which can conflict with char sigset (); below.
|     Prefer <limits.h> to <assert.h> if __STDC__ is defined, since
|     <limits.h> exists even on freestanding compilers.  */
| 
| #ifdef __STDC__
| # include <limits.h>
| #else
| # include <assert.h>
| #endif
| 
| #undef sigset
| 
| /* Override any GCC internal prototype to avoid an error.
|    Use char because int might match the return type of a GCC
|    builtin and then its argument prototype would still apply.  */
| #ifdef __cplusplus
| extern "C"
| #endif
| char sigset ();
| /* The GNU C library defines this for functions which it implements
|     to always fail with ENOSYS.  Some functions are actually named
|     something starting with __ and the normal name is an alias.  */
| #if defined __stub_sigset || defined __stub___sigset
| choke me
| #endif
| 
| int
| main ()
| {
| return sigset ();
|   ;
|   return 0;
| }
configure:5733: result: no
configure:5744: checking for strtoull
configure:5744: arm-linux-g++ -o conftest -g -O2  -static conftest.cpp  >&5
configure:5744: $? = 0
configure:5744: result: yes
configure:5755: checking for uname
configure:5755: arm-linux-g++ -o conftest -g -O2  -static conftest.cpp  >&5
configure:5755: $? = 0
configure:5755: result: yes
configure:5767: checking for clock_gettime
configure:5767: arm-linux-g++ -o conftest -g -O2  -static conftest.cpp  >&5
configure:5767: $? = 0
configure:5767: result: yes
configure:5767: checking for ftime
configure:5767: arm-linux-g++ -o conftest -g -O2  -static conftest.cpp  >&5
configure:5767: $? = 0
configure:5767: result: yes
configure:5767: checking for gettimeofday
configure:5767: arm-linux-g++ -o conftest -g -O2  -static conftest.cpp  >&5
configure:5767: $? = 0
configure:5767: result: yes
configure:5778: checking whether byte ordering is bigendian
configure:5793: arm-linux-g++ -c -g -O2  conftest.cpp >&5
conftest.cpp:42:9: error: expected unqualified-id before 'not' token
configure:5793: $? = 1
configure: failed program was:
| /* confdefs.h */
| #define PACKAGE_NAME "smartmontools"
| #define PACKAGE_TARNAME "smartmontools"
| #define PACKAGE_VERSION "6.3"
| #define PACKAGE_STRING "smartmontools 6.3"
| #define PACKAGE_BUGREPORT "smartmontools-support@lists.sourceforge.net"
| #define PACKAGE_URL ""
| #define SMARTMONTOOLS_CONFIGURE_ARGS " '--host=arm-linux' '--build=x86_64-suse-linux' '--prefix=/usr' 'build_alias=x86_64-suse-linux' 'host_alias=arm-linux' 'LDFLAGS=-static' 'CC=arm-brcm-linux-uclibcgnueabi-gcc' 'CFLAGS=-DBCMWPA2 -DBCMQOS -DBCM_DCS -DEXT_ACS -DD11AC_IOTYPES -DNAS_GTK_PER_STA -DPHYMON -DPROXYARP -DTRAFFIC_MGMT -DTRAFFIC_MGMT_RSSI_POLICY -DLINUX26 -DCONFIG_BCMWL5 -DCONFIG_BCMWL6 -DCONFIG_BCMWL6A -DPART_JFFS2_GAP=0UL -pipe -fno-strict-aliasing -DBCMWPA2 -DBCMARM -marm  -DTCONFIG_NVRAM_64K -DLINUX_KERNEL_VERSION=132644 -O2 -D__CONFIG_EMF__'"
| #define SMARTMONTOOLS_RELEASE_DATE "2014-07-26"
| #define SMARTMONTOOLS_RELEASE_TIME "09:49:11 UTC"
| #define CONFIG_H_CVSID "$Id: configure.ac 3976 2014-07-26 09:50:09Z chrfranke $"
| #define PACKAGE_HOMEPAGE "http://smartmontools.sourceforge.net/"
| #define PACKAGE "smartmontools"
| #define VERSION "6.3"
| #define STDC_HEADERS 1
| #define HAVE_SYS_TYPES_H 1
| #define HAVE_SYS_STAT_H 1
| #define HAVE_STDLIB_H 1
| #define HAVE_STRING_H 1
| #define HAVE_MEMORY_H 1
| #define HAVE_STRINGS_H 1
| #define HAVE_INTTYPES_H 1
| #define HAVE_STDINT_H 1
| #define HAVE_UNISTD_H 1
| #define HAVE_LOCALE_H 1
| #define HAVE_NETDB_H 1
| #define HAVE_INTTYPES_H 1
| #define HAVE_STDINT_H 1
| #define CISS_LOCATION "cissio_freebsd.h"
| #define HAVE_LINUX_CCISS_IOCTL_H 1
| #define HAVE_INT64_T 1
| #define HAVE_UINT64_T 1
| #define HAVE_GETOPT_LONG 1
| #define HAVE_REGCOMP 1
| #define HAVE_STRTOULL 1
| #define HAVE_UNAME 1
| #define HAVE_CLOCK_GETTIME 1
| #define HAVE_FTIME 1
| #define HAVE_GETTIMEOFDAY 1
| /* end confdefs.h.  */
| #ifndef __APPLE_CC__
| 	       not a universal capable compiler
| 	     #endif
| 	     typedef int dummy;
| 
configure:5838: arm-linux-g++ -c -g -O2  conftest.cpp >&5
configure:5838: $? = 0
configure:5856: arm-linux-g++ -c -g -O2  conftest.cpp >&5
conftest.cpp: In function 'int main()':
conftest.cpp:48:8: error: 'big' was not declared in this scope
conftest.cpp:48:12: error: expected ';' before 'endian'
configure:5856: $? = 1
configure: failed program was:
| /* confdefs.h */
| #define PACKAGE_NAME "smartmontools"
| #define PACKAGE_TARNAME "smartmontools"
| #define PACKAGE_VERSION "6.3"
| #define PACKAGE_STRING "smartmontools 6.3"
| #define PACKAGE_BUGREPORT "smartmontools-support@lists.sourceforge.net"
| #define PACKAGE_URL ""
| #define SMARTMONTOOLS_CONFIGURE_ARGS " '--host=arm-linux' '--build=x86_64-suse-linux' '--prefix=/usr' 'build_alias=x86_64-suse-linux' 'host_alias=arm-linux' 'LDFLAGS=-static' 'CC=arm-brcm-linux-uclibcgnueabi-gcc' 'CFLAGS=-DBCMWPA2 -DBCMQOS -DBCM_DCS -DEXT_ACS -DD11AC_IOTYPES -DNAS_GTK_PER_STA -DPHYMON -DPROXYARP -DTRAFFIC_MGMT -DTRAFFIC_MGMT_RSSI_POLICY -DLINUX26 -DCONFIG_BCMWL5 -DCONFIG_BCMWL6 -DCONFIG_BCMWL6A -DPART_JFFS2_GAP=0UL -pipe -fno-strict-aliasing -DBCMWPA2 -DBCMARM -marm  -DTCONFIG_NVRAM_64K -DLINUX_KERNEL_VERSION=132644 -O2 -D__CONFIG_EMF__'"
| #define SMARTMONTOOLS_RELEASE_DATE "2014-07-26"
| #define SMARTMONTOOLS_RELEASE_TIME "09:49:11 UTC"
| #define CONFIG_H_CVSID "$Id: configure.ac 3976 2014-07-26 09:50:09Z chrfranke $"
| #define PACKAGE_HOMEPAGE "http://smartmontools.sourceforge.net/"
| #define PACKAGE "smartmontools"
| #define VERSION "6.3"
| #define STDC_HEADERS 1
| #define HAVE_SYS_TYPES_H 1
| #define HAVE_SYS_STAT_H 1
| #define HAVE_STDLIB_H 1
| #define HAVE_STRING_H 1
| #define HAVE_MEMORY_H 1
| #define HAVE_STRINGS_H 1
| #define HAVE_INTTYPES_H 1
| #define HAVE_STDINT_H 1
| #define HAVE_UNISTD_H 1
| #define HAVE_LOCALE_H 1
| #define HAVE_NETDB_H 1
| #define HAVE_INTTYPES_H 1
| #define HAVE_STDINT_H 1
| #define CISS_LOCATION "cissio_freebsd.h"
| #define HAVE_LINUX_CCISS_IOCTL_H 1
| #define HAVE_INT64_T 1
| #define HAVE_UINT64_T 1
| #define HAVE_GETOPT_LONG 1
| #define HAVE_REGCOMP 1
| #define HAVE_STRTOULL 1
| #define HAVE_UNAME 1
| #define HAVE_CLOCK_GETTIME 1
| #define HAVE_FTIME 1
| #define HAVE_GETTIMEOFDAY 1
| /* end confdefs.h.  */
| #include <sys/types.h>
| 		#include <sys/param.h>
| 
| int
| main ()
| {
| #if BYTE_ORDER != BIG_ENDIAN
| 		 not big endian
| 		#endif
| 
|   ;
|   return 0;
| }
configure:5984: result: no
configure:6006: checking whether arm-linux-g++ supports __attribute__((packed))
configure:6021: arm-linux-g++ -c -g -O2  conftest.cpp >&5
configure:6021: $? = 0
configure:6033: result: yes
configure:6367: checking for capng_clear in -lcap-ng
configure:6392: arm-linux-g++ -o conftest -g -O2  -static conftest.cpp -lcap-ng   >&5
/home/tomato-arm/release/src-rt-6.x.4708/toolchains/hndtools-arm-linux-2.6.36-uclibc-4.5.3/bin/../lib/gcc/arm-brcm-linux-uclibcgnueabi/4.5.3/../../../../arm-brcm-linux-uclibcgnueabi/bin/ld: cannot find -lcap-ng
collect2: ld returned 1 exit status
configure:6392: $? = 1
configure: failed program was:
| /* confdefs.h */
| #define PACKAGE_NAME "smartmontools"
| #define PACKAGE_TARNAME "smartmontools"
| #define PACKAGE_VERSION "6.3"
| #define PACKAGE_STRING "smartmontools 6.3"
| #define PACKAGE_BUGREPORT "smartmontools-support@lists.sourceforge.net"
| #define PACKAGE_URL ""
| #define SMARTMONTOOLS_CONFIGURE_ARGS " '--host=arm-linux' '--build=x86_64-suse-linux' '--prefix=/usr' 'build_alias=x86_64-suse-linux' 'host_alias=arm-linux' 'LDFLAGS=-static' 'CC=arm-brcm-linux-uclibcgnueabi-gcc' 'CFLAGS=-DBCMWPA2 -DBCMQOS -DBCM_DCS -DEXT_ACS -DD11AC_IOTYPES -DNAS_GTK_PER_STA -DPHYMON -DPROXYARP -DTRAFFIC_MGMT -DTRAFFIC_MGMT_RSSI_POLICY -DLINUX26 -DCONFIG_BCMWL5 -DCONFIG_BCMWL6 -DCONFIG_BCMWL6A -DPART_JFFS2_GAP=0UL -pipe -fno-strict-aliasing -DBCMWPA2 -DBCMARM -marm  -DTCONFIG_NVRAM_64K -DLINUX_KERNEL_VERSION=132644 -O2 -D__CONFIG_EMF__'"
| #define SMARTMONTOOLS_RELEASE_DATE "2014-07-26"
| #define SMARTMONTOOLS_RELEASE_TIME "09:49:11 UTC"
| #define CONFIG_H_CVSID "$Id: configure.ac 3976 2014-07-26 09:50:09Z chrfranke $"
| #define PACKAGE_HOMEPAGE "http://smartmontools.sourceforge.net/"
| #define PACKAGE "smartmontools"
| #define VERSION "6.3"
| #define STDC_HEADERS 1
| #define HAVE_SYS_TYPES_H 1
| #define HAVE_SYS_STAT_H 1
| #define HAVE_STDLIB_H 1
| #define HAVE_STRING_H 1
| #define HAVE_MEMORY_H 1
| #define HAVE_STRINGS_H 1
| #define HAVE_INTTYPES_H 1
| #define HAVE_STDINT_H 1
| #define HAVE_UNISTD_H 1
| #define HAVE_LOCALE_H 1
| #define HAVE_NETDB_H 1
| #define HAVE_INTTYPES_H 1
| #define HAVE_STDINT_H 1
| #define CISS_LOCATION "cissio_freebsd.h"
| #define HAVE_LINUX_CCISS_IOCTL_H 1
| #define HAVE_INT64_T 1
| #define HAVE_UINT64_T 1
| #define HAVE_GETOPT_LONG 1
| #define HAVE_REGCOMP 1
| #define HAVE_STRTOULL 1
| #define HAVE_UNAME 1
| #define HAVE_CLOCK_GETTIME 1
| #define HAVE_FTIME 1
| #define HAVE_GETTIMEOFDAY 1
| #define HAVE_ATTR_PACKED 1
| /* end confdefs.h.  */
| 
| /* Override any GCC internal prototype to avoid an error.
|    Use char because int might match the return type of a GCC
|    builtin and then its argument prototype would still apply.  */
| #ifdef __cplusplus
| extern "C"
| #endif
| char capng_clear ();
| int
| main ()
| {
| return capng_clear ();
|   ;
|   return 0;
| }
configure:6401: result: no
configure:6425: checking whether to use libcap-ng
configure:6436: result: no
configure:6633: checking whether os_linux.cpp uses new interface
configure:6644: result: yes
configure:6860: checking that generated files are newer than configure
configure:6866: result: done
configure:6962: creating ./config.status

## ---------------------- ##
## Running config.status. ##
## ---------------------- ##

This file was extended by smartmontools config.status 6.3, which was
generated by GNU Autoconf 2.69.  Invocation command line was

  CONFIG_FILES    = 
  CONFIG_HEADERS  = 
  CONFIG_LINKS    = 
  CONFIG_COMMANDS = 
  $ ./config.status 

on uni.ver.se

config.status:970: creating Makefile
config.status:970: creating config.h
config.status:1151: config.h is unchanged
config.status:1199: executing depfiles commands
configure:8278: checking whether make sets $(MAKE)
configure:8300: result: yes

## ---------------- ##
## Cache variables. ##
## ---------------- ##

ac_cv_build=x86_64-suse-linux-gnu
ac_cv_c_bigendian=no
ac_cv_c_compiler_gnu=yes
ac_cv_cxx_compiler_gnu=yes
ac_cv_env_CCASFLAGS_set=
ac_cv_env_CCASFLAGS_value=
ac_cv_env_CCAS_set=
ac_cv_env_CCAS_value=
ac_cv_env_CCC_set=
ac_cv_env_CCC_value=
ac_cv_env_CC_set=set
ac_cv_env_CC_value=arm-brcm-linux-uclibcgnueabi-gcc
ac_cv_env_CFLAGS_set=set
ac_cv_env_CFLAGS_value='-DBCMWPA2 -DBCMQOS -DBCM_DCS -DEXT_ACS -DD11AC_IOTYPES -DNAS_GTK_PER_STA -DPHYMON -DPROXYARP -DTRAFFIC_MGMT -DTRAFFIC_MGMT_RSSI_POLICY -DLINUX26 -DCONFIG_BCMWL5 -DCONFIG_BCMWL6 -DCONFIG_BCMWL6A -DPART_JFFS2_GAP=0UL -pipe -fno-strict-aliasing -DBCMWPA2 -DBCMARM -marm  -DTCONFIG_NVRAM_64K -DLINUX_KERNEL_VERSION=132644 -O2 -D__CONFIG_EMF__'
ac_cv_env_CPPFLAGS_set=
ac_cv_env_CPPFLAGS_value=
ac_cv_env_CXXCPP_set=
ac_cv_env_CXXCPP_value=
ac_cv_env_CXXFLAGS_set=
ac_cv_env_CXXFLAGS_value=
ac_cv_env_CXX_set=
ac_cv_env_CXX_value=
ac_cv_env_LDFLAGS_set=set
ac_cv_env_LDFLAGS_value=-static
ac_cv_env_LIBS_set=
ac_cv_env_LIBS_value=
ac_cv_env_MAKENSIS_set=
ac_cv_env_MAKENSIS_value=
ac_cv_env_PKG_CONFIG_LIBDIR_set=
ac_cv_env_PKG_CONFIG_LIBDIR_value=
ac_cv_env_PKG_CONFIG_PATH_set=
ac_cv_env_PKG_CONFIG_PATH_value=
ac_cv_env_PKG_CONFIG_set=
ac_cv_env_PKG_CONFIG_value=
ac_cv_env_WINDMC_set=
ac_cv_env_WINDMC_value=
ac_cv_env_WINDRES_set=
ac_cv_env_WINDRES_value=
ac_cv_env_build_alias_set=set
ac_cv_env_build_alias_value=x86_64-suse-linux
ac_cv_env_host_alias_set=set
ac_cv_env_host_alias_value=arm-linux
ac_cv_env_target_alias_set=
ac_cv_env_target_alias_value=
ac_cv_func_clock_gettime=yes
ac_cv_func_ftime=yes
ac_cv_func_getopt_long=yes
ac_cv_func_gettimeofday=yes
ac_cv_func_malloc_0_nonnull=yes
ac_cv_func_regcomp=yes
ac_cv_func_sigset=no
ac_cv_func_strtoull=yes
ac_cv_func_uname=yes
ac_cv_header_ddk_ntdddisk_h=no
ac_cv_header_dev_ata_atavar_h=no
ac_cv_header_dev_ciss_cissio_h=no
ac_cv_header_inttypes_h=yes
ac_cv_header_linux_cciss_ioctl_h=yes
ac_cv_header_linux_compiler_h=no
ac_cv_header_locale_h=yes
ac_cv_header_memory_h=yes
ac_cv_header_netdb_h=yes
ac_cv_header_ntdddisk_h=no
ac_cv_header_stdc=yes
ac_cv_header_stdint_h=yes
ac_cv_header_stdlib_h=yes
ac_cv_header_string_h=yes
ac_cv_header_strings_h=yes
ac_cv_header_sys_int_types_h=no
ac_cv_header_sys_inttypes_h=no
ac_cv_header_sys_stat_h=yes
ac_cv_header_sys_tw_osl_ioctl_h=no
ac_cv_header_sys_tweio_h=no
ac_cv_header_sys_twereg_h=no
ac_cv_header_sys_types_h=yes
ac_cv_header_unistd_h=yes
ac_cv_header_wbemcli_h=no
ac_cv_host=arm-unknown-linux-gnu
ac_cv_lib_cap_ng_capng_clear=no
ac_cv_objext=o
ac_cv_path_EGREP='/usr/bin/grep -E'
ac_cv_path_GREP=/usr/bin/grep
ac_cv_path_install='/usr/bin/install -c'
ac_cv_path_mkdir=/usr/bin/mkdir
ac_cv_prog_AWK=gawk
ac_cv_prog_CC=arm-brcm-linux-uclibcgnueabi-gcc
ac_cv_prog_CXX=arm-linux-g++
ac_cv_prog_CXXCPP='arm-linux-g++ -E'
ac_cv_prog_STRIP=arm-brcm-linux-uclibcgnueabi-strip
ac_cv_prog_cc_c89=
ac_cv_prog_cc_g=yes
ac_cv_prog_cxx_g=yes
ac_cv_prog_make_make_set=yes
ac_cv_type_int64_t=yes
ac_cv_type_uint64_t=yes
am_cv_CCAS_dependencies_compiler_type=gcc3
am_cv_CC_dependencies_compiler_type=gcc3
am_cv_CXX_dependencies_compiler_type=gcc3
am_cv_make_support_nested_variables=yes
am_cv_prog_cc_c_o=yes

## ----------------- ##
## Output variables. ##
## ----------------- ##

ACLOCAL='${SHELL} /home/tomato-arm/release/src-rt-6.x.4708/router/smartmontools-6.3/missing aclocal-1.14'
AMDEPBACKSLASH='\'
AMDEP_FALSE='#'
AMDEP_TRUE=''
AMTAR='$${TAR-tar}'
AM_BACKSLASH='\'
AM_DEFAULT_V='$(AM_DEFAULT_VERBOSITY)'
AM_DEFAULT_VERBOSITY='1'
AM_V='$(V)'
ASFLAGS=''
AUTOCONF='${SHELL} /home/tomato-arm/release/src-rt-6.x.4708/router/smartmontools-6.3/missing autoconf'
AUTOHEADER='${SHELL} /home/tomato-arm/release/src-rt-6.x.4708/router/smartmontools-6.3/missing autoheader'
AUTOMAKE='${SHELL} /home/tomato-arm/release/src-rt-6.x.4708/router/smartmontools-6.3/missing automake-1.14'
AWK='gawk'
CAPNG_LDADD=''
CC='arm-brcm-linux-uclibcgnueabi-gcc'
CCAS='arm-brcm-linux-uclibcgnueabi-gcc'
CCASDEPMODE='depmode=gcc3'
CCASFLAGS='-DBCMWPA2 -DBCMQOS -DBCM_DCS -DEXT_ACS -DD11AC_IOTYPES -DNAS_GTK_PER_STA -DPHYMON -DPROXYARP -DTRAFFIC_MGMT -DTRAFFIC_MGMT_RSSI_POLICY -DLINUX26 -DCONFIG_BCMWL5 -DCONFIG_BCMWL6 -DCONFIG_BCMWL6A -DPART_JFFS2_GAP=0UL -pipe -fno-strict-aliasing -DBCMWPA2 -DBCMARM -marm  -DTCONFIG_NVRAM_64K -DLINUX_KERNEL_VERSION=132644 -O2 -D__CONFIG_EMF__'
CCDEPMODE='depmode=gcc3'
CFLAGS='-DBCMWPA2 -DBCMQOS -DBCM_DCS -DEXT_ACS -DD11AC_IOTYPES -DNAS_GTK_PER_STA -DPHYMON -DPROXYARP -DTRAFFIC_MGMT -DTRAFFIC_MGMT_RSSI_POLICY -DLINUX26 -DCONFIG_BCMWL5 -DCONFIG_BCMWL6 -DCONFIG_BCMWL6A -DPART_JFFS2_GAP=0UL -pipe -fno-strict-aliasing -DBCMWPA2 -DBCMARM -marm  -DTCONFIG_NVRAM_64K -DLINUX_KERNEL_VERSION=132644 -O2 -D__CONFIG_EMF__'
CPPFLAGS=''
CXX='arm-linux-g++'
CXXCPP='arm-linux-g++ -E'
CXXDEPMODE='depmode=gcc3'
CXXFLAGS='-g -O2 -Wall -W'
CYGPATH_W='echo'
DEFS='-DHAVE_CONFIG_H'
DEPDIR='.deps'
DRIVEDB_BRANCH='RELEASE_6_3_DRIVEDB'
ECHO_C=''
ECHO_N='-n'
ECHO_T=''
EGREP='/usr/bin/grep -E'
ENABLE_ATTRIBUTELOG_FALSE=''
ENABLE_ATTRIBUTELOG_TRUE='#'
ENABLE_CAPABILITIES_FALSE=''
ENABLE_CAPABILITIES_TRUE='#'
ENABLE_DRIVEDB_FALSE='#'
ENABLE_DRIVEDB_TRUE=''
ENABLE_SAVESTATES_FALSE=''
ENABLE_SAVESTATES_TRUE='#'
EXEEXT=''
GREP='/usr/bin/grep'
INSTALL_DATA='${INSTALL} -m 644'
INSTALL_INITSCRIPT_FALSE=''
INSTALL_INITSCRIPT_TRUE='#'
INSTALL_PROGRAM='${INSTALL}'
INSTALL_SCRIPT='${INSTALL}'
INSTALL_STRIP_PROGRAM='$(install_sh) -c -s'
INSTALL_SYSTEMDUNIT_FALSE=''
INSTALL_SYSTEMDUNIT_TRUE='#'
IS_SVN_BUILD_FALSE=''
IS_SVN_BUILD_TRUE='#'
LDFLAGS='-static'
LIBOBJS=''
LIBS=''
LTLIBOBJS=''
MAINT='#'
MAINTAINER_MODE_FALSE=''
MAINTAINER_MODE_TRUE='#'
MAKEINFO='${SHELL} /home/tomato-arm/release/src-rt-6.x.4708/router/smartmontools-6.3/missing makeinfo'
MAKENSIS=''
MKDIR_P='/usr/bin/mkdir -p'
NEED_GETOPT_LONG_FALSE=''
NEED_GETOPT_LONG_TRUE='#'
NEED_REGEX_FALSE=''
NEED_REGEX_TRUE='#'
OBJEXT='o'
OS_DARWIN_FALSE=''
OS_DARWIN_TRUE='#'
OS_SOLARIS_FALSE=''
OS_SOLARIS_TRUE='#'
OS_WIN32_FALSE=''
OS_WIN32_MINGW_FALSE=''
OS_WIN32_MINGW_TRUE='#'
OS_WIN32_NSIS_FALSE=''
OS_WIN32_NSIS_TRUE='#'
OS_WIN32_TRUE='#'
OS_WIN64_FALSE=''
OS_WIN64_TRUE='#'
PACKAGE='smartmontools'
PACKAGE_BUGREPORT='smartmontools-support@lists.sourceforge.net'
PACKAGE_NAME='smartmontools'
PACKAGE_STRING='smartmontools 6.3'
PACKAGE_TARNAME='smartmontools'
PACKAGE_URL=''
PACKAGE_VERSION='6.3'
PATH_SEPARATOR=':'
PKG_CONFIG=''
PKG_CONFIG_LIBDIR=''
PKG_CONFIG_PATH=''
SET_MAKE=''
SHELL='/bin/sh'
STRIP='arm-brcm-linux-uclibcgnueabi-strip'
VERSION='6.3'
WINDMC=''
WINDRES=''
ac_ct_CC=''
ac_ct_CXX=''
am__EXEEXT_FALSE=''
am__EXEEXT_TRUE='#'
am__fastdepCCAS_FALSE='#'
am__fastdepCCAS_TRUE=''
am__fastdepCC_FALSE='#'
am__fastdepCC_TRUE=''
am__fastdepCXX_FALSE='#'
am__fastdepCXX_TRUE=''
am__include='include'
am__isrc=''
am__leading_dot='.'
am__nodep='_no'
am__quote=''
am__tar='$${TAR-tar} chof - "$$tardir"'
am__untar='$${TAR-tar} xf -'
attributelog=''
attributelogdir=''
bindir='${exec_prefix}/bin'
build='x86_64-suse-linux-gnu'
build_alias='x86_64-suse-linux'
build_cpu='x86_64'
build_os='linux-gnu'
build_vendor='suse'
datadir='${datarootdir}'
datarootdir='${prefix}/share'
docdir='${datarootdir}/doc/${PACKAGE_TARNAME}'
drivedbdir='${datadir}/${PACKAGE}'
dvidir='${docdir}'
exampledir='${docdir}/examplescripts'
exec_prefix='${prefix}'
gcc_have_attr_packed='yes'
host='arm-unknown-linux-gnu'
host_alias='arm-linux'
host_cpu='arm'
host_os='linux-gnu'
host_vendor='unknown'
htmldir='${docdir}'
includedir='${prefix}/include'
infodir='${datarootdir}/info'
initddir=''
initdfile='smartd.initd'
install_sh='${SHELL} /home/tomato-arm/release/src-rt-6.x.4708/router/smartmontools-6.3/install-sh'
libdir='${exec_prefix}/lib'
libexecdir='${exec_prefix}/lib'
localedir='${datarootdir}/locale'
localstatedir='${prefix}/var'
mandir='${datarootdir}/man'
mkdir_p='$(MKDIR_P)'
oldincludedir='/usr/include'
os_deps='os_linux.o cciss.o dev_areca.o'
os_dltools='curl wget lynx'
os_dnsdomainname=''\''dnsdomainname'\'' '\''hostname -d'\'''
os_hostname=''\''hostname'\'''
os_libs=''
os_mailer='mail'
os_man_filter='Linux'
os_nisdomainname=''\''nisdomainname'\'' '\''hostname -y'\'' '\''domainname'\'''
pdfdir='${docdir}'
prefix='/usr'
program_transform_name='s,x,x,'
psdir='${docdir}'
releaseversion='${PACKAGE}-${VERSION}'
savestates=''
savestatesdir=''
sbindir='${exec_prefix}/sbin'
sharedstatedir='${prefix}/com'
smartd_suffix=''
smartdplugindir='${smartdscriptdir}/smartd_warning.d'
smartdscriptdir='${sysconfdir}'
smartmontools_release_date='2014-07-26'
smartmontools_release_time='09:49:11 UTC'
svn_deps=''
sysconfdir='${prefix}/etc'
systemdenvfile='${sysconfdir}/sysconfig/smartmontools'
systemdsystemunitdir=''
target_alias=''
with_selinux=''

## ----------- ##
## confdefs.h. ##
## ----------- ##

/* confdefs.h */
#define PACKAGE_NAME "smartmontools"
#define PACKAGE_TARNAME "smartmontools"
#define PACKAGE_VERSION "6.3"
#define PACKAGE_STRING "smartmontools 6.3"
#define PACKAGE_BUGREPORT "smartmontools-support@lists.sourceforge.net"
#define PACKAGE_URL ""
#define SMARTMONTOOLS_CONFIGURE_ARGS " '--host=arm-linux' '--build=x86_64-suse-linux' '--prefix=/usr' 'build_alias=x86_64-suse-linux' 'host_alias=arm-linux' 'LDFLAGS=-static' 'CC=arm-brcm-linux-uclibcgnueabi-gcc' 'CFLAGS=-DBCMWPA2 -DBCMQOS -DBCM_DCS -DEXT_ACS -DD11AC_IOTYPES -DNAS_GTK_PER_STA -DPHYMON -DPROXYARP -DTRAFFIC_MGMT -DTRAFFIC_MGMT_RSSI_POLICY -DLINUX26 -DCONFIG_BCMWL5 -DCONFIG_BCMWL6 -DCONFIG_BCMWL6A -DPART_JFFS2_GAP=0UL -pipe -fno-strict-aliasing -DBCMWPA2 -DBCMARM -marm  -DTCONFIG_NVRAM_64K -DLINUX_KERNEL_VERSION=132644 -O2 -D__CONFIG_EMF__'"
#define SMARTMONTOOLS_RELEASE_DATE "2014-07-26"
#define SMARTMONTOOLS_RELEASE_TIME "09:49:11 UTC"
#define CONFIG_H_CVSID "$Id: configure.ac 3976 2014-07-26 09:50:09Z chrfranke $"
#define PACKAGE_HOMEPAGE "http://smartmontools.sourceforge.net/"
#define PACKAGE "smartmontools"
#define VERSION "6.3"
#define STDC_HEADERS 1
#define HAVE_SYS_TYPES_H 1
#define HAVE_SYS_STAT_H 1
#define HAVE_STDLIB_H 1
#define HAVE_STRING_H 1
#define HAVE_MEMORY_H 1
#define HAVE_STRINGS_H 1
#define HAVE_INTTYPES_H 1
#define HAVE_STDINT_H 1
#define HAVE_UNISTD_H 1
#define HAVE_LOCALE_H 1
#define HAVE_NETDB_H 1
#define HAVE_INTTYPES_H 1
#define HAVE_STDINT_H 1
#define CISS_LOCATION "cissio_freebsd.h"
#define HAVE_LINUX_CCISS_IOCTL_H 1
#define HAVE_INT64_T 1
#define HAVE_UINT64_T 1
#define HAVE_GETOPT_LONG 1
#define HAVE_REGCOMP 1
#define HAVE_STRTOULL 1
#define HAVE_UNAME 1
#define HAVE_CLOCK_GETTIME 1
#define HAVE_FTIME 1
#define HAVE_GETTIMEOFDAY 1
#define HAVE_ATTR_PACKED 1
#define HAVE_WORKING_SNPRINTF 1
#define SMARTMONTOOLS_BUILD_HOST "arm-unknown-linux-gnu"

configure: exit 0

## ---------------------- ##
## Running config.status. ##
## ---------------------- ##

This file was extended by smartmontools config.status 6.3, which was
generated by GNU Autoconf 2.69.  Invocation command line was

  CONFIG_FILES    = 
  CONFIG_HEADERS  = 
  CONFIG_LINKS    = 
  CONFIG_COMMANDS = 
  $ ./config.status --file=update-smart-drivedb

on uni.ver.se

config.status:970: creating update-smart-drivedb

## ---------------------- ##
## Running config.status. ##
## ---------------------- ##

This file was extended by smartmontools config.status 6.3, which was
generated by GNU Autoconf 2.69.  Invocation command line was

  CONFIG_FILES    = 
  CONFIG_HEADERS  = 
  CONFIG_LINKS    = 
  CONFIG_COMMANDS = 
  $ ./config.status --file=smartd_warning.sh

on uni.ver.se

config.status:970: creating smartd_warning.sh
